<?xml version="1.0" encoding="UTF-8"?>
<coverage generated="1772827976298" clover="3.2.0">
  <project timestamp="1772827976298" name="All files">
    <metrics statements="235" coveredstatements="224" conditionals="186" coveredconditionals="157" methods="65" coveredmethods="57" elements="486" coveredelements="438" complexity="0" loc="235" ncloc="235" packages="20" files="25" classes="25"/>
    <package name="src">
      <metrics statements="10" coveredstatements="6" conditionals="4" coveredconditionals="4" methods="1" coveredmethods="1"/>
      <file name="App.tsx" path="/opt/repos/adk-agente-viajes/personal_assistant/frontend/src/App.tsx">
        <metrics statements="6" coveredstatements="6" conditionals="4" coveredconditionals="4" methods="1" coveredmethods="1"/>
        <line num="6" count="3" type="stmt"/>
        <line num="8" count="3" type="cond" truecount="2" falsecount="0"/>
        <line num="9" count="1" type="stmt"/>
        <line num="12" count="2" type="cond" truecount="2" falsecount="0"/>
        <line num="13" count="1" type="stmt"/>
        <line num="16" count="1" type="stmt"/>
      </file>
      <file name="firebase.ts" path="/opt/repos/adk-agente-viajes/personal_assistant/frontend/src/firebase.ts">
        <metrics statements="4" coveredstatements="0" conditionals="0" coveredconditionals="0" methods="0" coveredmethods="0"/>
        <line num="5" count="0" type="stmt"/>
        <line num="14" count="0" type="stmt"/>
        <line num="15" count="0" type="stmt"/>
        <line num="16" count="0" type="stmt"/>
      </file>
    </package>
    <package name="src.atoms.Avatar">
      <metrics statements="5" coveredstatements="5" conditionals="13" coveredconditionals="10" methods="2" coveredmethods="2"/>
      <file name="Avatar.tsx" path="/opt/repos/adk-agente-viajes/personal_assistant/frontend/src/atoms/Avatar/Avatar.tsx">
        <metrics statements="5" coveredstatements="5" conditionals="13" coveredconditionals="10" methods="2" coveredmethods="2"/>
        <line num="10" count="3" type="stmt"/>
        <line num="11" count="3" type="cond" truecount="2" falsecount="0"/>
        <line num="12" count="1" type="cond" truecount="2" falsecount="2"/>
        <line num="14" count="2" type="cond" truecount="1" falsecount="1"/>
        <line num="18" count="14" type="stmt"/>
      </file>
    </package>
    <package name="src.atoms.Button">
      <metrics statements="1" coveredstatements="1" conditionals="3" coveredconditionals="2" methods="1" coveredmethods="1"/>
      <file name="Button.tsx" path="/opt/repos/adk-agente-viajes/personal_assistant/frontend/src/atoms/Button/Button.tsx">
        <metrics statements="1" coveredstatements="1" conditionals="3" coveredconditionals="2" methods="1" coveredmethods="1"/>
        <line num="10" count="89" type="stmt"/>
      </file>
    </package>
    <package name="src.atoms.Icon">
      <metrics statements="2" coveredstatements="2" conditionals="7" coveredconditionals="6" methods="1" coveredmethods="1"/>
      <file name="Icon.tsx" path="/opt/repos/adk-agente-viajes/personal_assistant/frontend/src/atoms/Icon/Icon.tsx">
        <metrics statements="2" coveredstatements="2" conditionals="7" coveredconditionals="6" methods="1" coveredmethods="1"/>
        <line num="10" count="5" type="stmt"/>
        <line num="12" count="5" type="stmt"/>
      </file>
    </package>
    <package name="src.atoms.LoadingDots">
      <metrics statements="2" coveredstatements="2" conditionals="3" coveredconditionals="3" methods="1" coveredmethods="1"/>
      <file name="LoadingDots.tsx" path="/opt/repos/adk-agente-viajes/personal_assistant/frontend/src/atoms/LoadingDots/LoadingDots.tsx">
        <metrics statements="2" coveredstatements="2" conditionals="3" coveredconditionals="3" methods="1" coveredmethods="1"/>
        <line num="8" count="16" type="cond" truecount="2" falsecount="0"/>
        <line num="10" count="8" type="stmt"/>
      </file>
    </package>
    <package name="src.atoms.TextInput">
      <metrics statements="4" coveredstatements="4" conditionals="9" coveredconditionals="8" methods="2" coveredmethods="2"/>
      <file name="TextInput.tsx" path="/opt/repos/adk-agente-viajes/personal_assistant/frontend/src/atoms/TextInput/TextInput.tsx">
        <metrics statements="4" coveredstatements="4" conditionals="9" coveredconditionals="8" methods="2" coveredmethods="2"/>
        <line num="11" count="52" type="cond" truecount="5" falsecount="0"/>
        <line num="12" count="6" type="stmt"/>
        <line num="13" count="6" type="stmt"/>
        <line num="17" count="69" type="stmt"/>
      </file>
    </package>
    <package name="src.hooks">
      <metrics statements="91" coveredstatements="84" conditionals="36" coveredconditionals="26" methods="17" coveredmethods="11"/>
      <file name="useAuth.ts" path="/opt/repos/adk-agente-viajes/personal_assistant/frontend/src/hooks/useAuth.ts">
        <metrics statements="25" coveredstatements="25" conditionals="6" coveredconditionals="6" methods="6" coveredmethods="5"/>
        <line num="19" count="18" type="stmt"/>
        <line num="20" count="18" type="stmt"/>
        <line num="21" count="18" type="stmt"/>
        <line num="23" count="18" type="stmt"/>
        <line num="24" count="10" type="stmt"/>
        <line num="25" count="3" type="stmt"/>
        <line num="26" count="3" type="stmt"/>
        <line num="27" count="3" type="cond" truecount="2" falsecount="0"/>
        <line num="28" count="1" type="stmt"/>
        <line num="33" count="10" type="stmt"/>
        <line num="36" count="18" type="stmt"/>
        <line num="37" count="4" type="stmt"/>
        <line num="38" count="4" type="stmt"/>
        <line num="39" count="4" type="stmt"/>
        <line num="40" count="4" type="stmt"/>
        <line num="43" count="2" type="cond" truecount="2" falsecount="0"/>
        <line num="44" count="2" type="stmt"/>
        <line num="45" count="2" type="stmt"/>
        <line num="49" count="18" type="stmt"/>
        <line num="50" count="3" type="stmt"/>
        <line num="51" count="3" type="stmt"/>
        <line num="52" count="3" type="stmt"/>
        <line num="55" count="2" type="cond" truecount="2" falsecount="0"/>
        <line num="56" count="2" type="stmt"/>
        <line num="60" count="18" type="stmt"/>
      </file>
      <file name="useConversation.ts" path="/opt/repos/adk-agente-viajes/personal_assistant/frontend/src/hooks/useConversation.ts">
        <metrics statements="66" coveredstatements="59" conditionals="30" coveredconditionals="20" methods="11" coveredmethods="6"/>
        <line num="31" count="31" type="cond" truecount="6" falsecount="1"/>
        <line num="33" count="5" type="stmt"/>
        <line num="35" count="8" type="stmt"/>
        <line num="37" count="5" type="stmt"/>
        <line num="38" count="5" type="stmt"/>
        <line num="39" count="5" type="stmt"/>
        <line num="40" count="5" type="cond" truecount="3" falsecount="1"/>
        <line num="41" count="5" type="stmt"/>
        <line num="43" count="5" type="stmt"/>
        <line num="46" count="10" type="stmt"/>
        <line num="48" count="2" type="stmt"/>
        <line num="50" count="0" type="stmt"/>
        <line num="52" count="1" type="stmt"/>
        <line num="56" count="1" type="stmt"/>
        <line num="75" count="17" type="stmt"/>
        <line num="76" count="17" type="stmt"/>
        <line num="77" count="17" type="stmt"/>
        <line num="79" count="17" type="stmt"/>
        <line num="81" count="5" type="stmt"/>
        <line num="82" count="5" type="stmt"/>
        <line num="83" count="5" type="stmt"/>
        <line num="84" count="5" type="stmt"/>
        <line num="86" count="0" type="stmt"/>
        <line num="92" count="17" type="stmt"/>
        <line num="93" count="0" type="stmt"/>
        <line num="94" count="0" type="stmt"/>
        <line num="95" count="0" type="stmt"/>
        <line num="97" count="0" type="stmt"/>
        <line num="101" count="17" type="stmt"/>
        <line num="103" count="5" type="cond" truecount="4" falsecount="1"/>
        <line num="104" count="5" type="cond" truecount="2" falsecount="0"/>
        <line num="106" count="4" type="stmt"/>
        <line num="107" count="4" type="stmt"/>
        <line num="109" count="4" type="stmt"/>
        <line num="116" count="4" type="stmt"/>
        <line num="119" count="4" type="cond" truecount="1" falsecount="1"/>
        <line num="120" count="4" type="stmt"/>
        <line num="121" count="4" type="stmt"/>
        <line num="127" count="4" type="stmt"/>
        <line num="132" count="4" type="stmt"/>
        <line num="133" count="4" type="stmt"/>
        <line num="140" count="4" type="stmt"/>
        <line num="141" count="4" type="stmt"/>
        <line num="143" count="4" type="stmt"/>
        <line num="144" count="4" type="stmt"/>
        <line num="146" count="4" type="stmt"/>
        <line num="147" count="4" type="stmt"/>
        <line num="149" count="4" type="stmt"/>
        <line num="154" count="1" type="cond" truecount="1" falsecount="1"/>
        <line num="155" count="1" type="stmt"/>
        <line num="156" count="1" type="stmt"/>
        <line num="162" count="1" type="cond" truecount="1" falsecount="1"/>
        <line num="163" count="0" type="stmt"/>
        <line num="173" count="2" type="stmt"/>
        <line num="180" count="2" type="stmt"/>
        <line num="186" count="2" type="stmt"/>
        <line num="189" count="2" type="stmt"/>
        <line num="193" count="2" type="stmt"/>
        <line num="195" count="2" type="cond" truecount="1" falsecount="1"/>
        <line num="196" count="2" type="stmt"/>
        <line num="200" count="2" type="stmt"/>
        <line num="207" count="4" type="stmt"/>
        <line num="208" count="4" type="stmt"/>
        <line num="214" count="17" type="stmt"/>
        <line num="215" count="1" type="stmt"/>
        <line num="218" count="17" type="stmt"/>
      </file>
    </package>
    <package name="src.molecules.ErrorBanner">
      <metrics statements="2" coveredstatements="2" conditionals="4" coveredconditionals="4" methods="1" coveredmethods="1"/>
      <file name="ErrorBanner.tsx" path="/opt/repos/adk-agente-viajes/personal_assistant/frontend/src/molecules/ErrorBanner/ErrorBanner.tsx">
        <metrics statements="2" coveredstatements="2" conditionals="4" coveredconditionals="4" methods="1" coveredmethods="1"/>
        <line num="11" count="15" type="cond" truecount="2" falsecount="0"/>
        <line num="13" count="6" type="stmt"/>
      </file>
    </package>
    <package name="src.molecules.MessageBubble">
      <metrics statements="3" coveredstatements="3" conditionals="8" coveredconditionals="8" methods="2" coveredmethods="2"/>
      <file name="MessageBubble.tsx" path="/opt/repos/adk-agente-viajes/personal_assistant/frontend/src/molecules/MessageBubble/MessageBubble.tsx">
        <metrics statements="3" coveredstatements="3" conditionals="8" coveredconditionals="8" methods="2" coveredmethods="2"/>
        <line num="10" count="16" type="stmt"/>
        <line num="14" count="16" type="cond" truecount="2" falsecount="0"/>
        <line num="16" count="16" type="stmt"/>
      </file>
    </package>
    <package name="src.molecules.MessageInputBar">
      <metrics statements="7" coveredstatements="7" conditionals="5" coveredconditionals="5" methods="3" coveredmethods="3"/>
      <file name="MessageInputBar.tsx" path="/opt/repos/adk-agente-viajes/personal_assistant/frontend/src/molecules/MessageInputBar/MessageInputBar.tsx">
        <metrics statements="7" coveredstatements="7" conditionals="5" coveredconditionals="5" methods="3" coveredmethods="3"/>
        <line num="12" count="62" type="stmt"/>
        <line num="15" count="6" type="stmt"/>
        <line num="16" count="6" type="cond" truecount="2" falsecount="0"/>
        <line num="17" count="5" type="stmt"/>
        <line num="18" count="5" type="stmt"/>
        <line num="21" count="62" type="stmt"/>
        <line num="25" count="43" type="stmt"/>
      </file>
    </package>
    <package name="src.molecules.ToolResultWidget">
      <metrics statements="10" coveredstatements="10" conditionals="10" coveredconditionals="10" methods="5" coveredmethods="5"/>
      <file name="ToolResultWidget.tsx" path="/opt/repos/adk-agente-viajes/personal_assistant/frontend/src/molecules/ToolResultWidget/ToolResultWidget.tsx">
        <metrics statements="10" coveredstatements="10" conditionals="10" coveredconditionals="10" methods="5" coveredmethods="5"/>
        <line num="9" count="4" type="stmt"/>
        <line num="10" count="4" type="stmt"/>
        <line num="24" count="1" type="stmt"/>
        <line num="32" count="1" type="stmt"/>
        <line num="40" count="1" type="stmt"/>
        <line num="48" count="7" type="cond" truecount="4" falsecount="0"/>
        <line num="50" count="4" type="stmt"/>
        <line num="52" count="1" type="stmt"/>
        <line num="54" count="1" type="stmt"/>
        <line num="56" count="1" type="stmt"/>
      </file>
    </package>
    <package name="src.organisms.AppHeader">
      <metrics statements="1" coveredstatements="1" conditionals="2" coveredconditionals="2" methods="1" coveredmethods="1"/>
      <file name="AppHeader.tsx" path="/opt/repos/adk-agente-viajes/personal_assistant/frontend/src/organisms/AppHeader/AppHeader.tsx">
        <metrics statements="1" coveredstatements="1" conditionals="2" coveredconditionals="2" methods="1" coveredmethods="1"/>
        <line num="12" count="9" type="stmt"/>
      </file>
    </package>
    <package name="src.organisms.ChatComposer">
      <metrics statements="2" coveredstatements="2" conditionals="2" coveredconditionals="2" methods="1" coveredmethods="1"/>
      <file name="ChatComposer.tsx" path="/opt/repos/adk-agente-viajes/personal_assistant/frontend/src/organisms/ChatComposer/ChatComposer.tsx">
        <metrics statements="2" coveredstatements="2" conditionals="2" coveredconditionals="2" methods="1" coveredmethods="1"/>
        <line num="14" count="9" type="cond" truecount="2" falsecount="0"/>
        <line num="16" count="9" type="stmt"/>
      </file>
    </package>
    <package name="src.organisms.ConversationFeed">
      <metrics statements="6" coveredstatements="6" conditionals="4" coveredconditionals="4" methods="3" coveredmethods="3"/>
      <file name="ConversationFeed.tsx" path="/opt/repos/adk-agente-viajes/personal_assistant/frontend/src/organisms/ConversationFeed/ConversationFeed.tsx">
        <metrics statements="6" coveredstatements="6" conditionals="4" coveredconditionals="4" methods="3" coveredmethods="3"/>
        <line num="13" count="10" type="stmt"/>
        <line num="15" count="10" type="stmt"/>
        <line num="16" count="10" type="stmt"/>
        <line num="19" count="10" type="cond" truecount="2" falsecount="0"/>
        <line num="21" count="10" type="stmt"/>
        <line num="24" count="11" type="stmt"/>
      </file>
    </package>
    <package name="src.pages.ChatPage">
      <metrics statements="6" coveredstatements="6" conditionals="6" coveredconditionals="3" methods="3" coveredmethods="2"/>
      <file name="ChatPage.tsx" path="/opt/repos/adk-agente-viajes/personal_assistant/frontend/src/pages/ChatPage/ChatPage.tsx">
        <metrics statements="6" coveredstatements="6" conditionals="6" coveredconditionals="3" methods="3" coveredmethods="2"/>
        <line num="10" count="3" type="stmt"/>
        <line num="11" count="3" type="stmt"/>
        <line num="15" count="3" type="stmt"/>
        <line num="16" count="3" type="cond" truecount="1" falsecount="1"/>
        <line num="17" count="3" type="stmt"/>
        <line num="23" count="3" type="stmt"/>
      </file>
    </package>
    <package name="src.pages.LoginPage">
      <metrics statements="2" coveredstatements="2" conditionals="2" coveredconditionals="2" methods="2" coveredmethods="1"/>
      <file name="LoginPage.tsx" path="/opt/repos/adk-agente-viajes/personal_assistant/frontend/src/pages/LoginPage/LoginPage.tsx">
        <metrics statements="2" coveredstatements="2" conditionals="2" coveredconditionals="2" methods="2" coveredmethods="1"/>
        <line num="7" count="4" type="stmt"/>
        <line num="9" count="4" type="stmt"/>
      </file>
    </package>
    <package name="src.services">
      <metrics statements="79" coveredstatements="79" conditionals="68" coveredconditionals="58" methods="17" coveredmethods="17"/>
      <file name="adkService.ts" path="/opt/repos/adk-agente-viajes/personal_assistant/frontend/src/services/adkService.ts">
        <metrics statements="55" coveredstatements="55" conditionals="40" coveredconditionals="35" methods="6" coveredmethods="6"/>
        <line num="3" count="1" type="cond" truecount="2" falsecount="0"/>
        <line num="4" count="1" type="stmt"/>
        <line num="34" count="4" type="cond" truecount="4" falsecount="0"/>
        <line num="35" count="1" type="stmt"/>
        <line num="37" count="3" type="cond" truecount="2" falsecount="0"/>
        <line num="38" count="1" type="stmt"/>
        <line num="40" count="2" type="cond" truecount="4" falsecount="0"/>
        <line num="41" count="1" type="stmt"/>
        <line num="43" count="1" type="stmt"/>
        <line num="47" count="8" type="cond" truecount="1" falsecount="1"/>
        <line num="49" count="8" type="stmt"/>
        <line num="50" count="8" type="cond" truecount="2" falsecount="0"/>
        <line num="51" count="4" type="stmt"/>
        <line num="52" count="4" type="stmt"/>
        <line num="59" count="4" type="cond" truecount="2" falsecount="0"/>
        <line num="60" count="3" type="stmt"/>
        <line num="64" count="1" type="stmt"/>
        <line num="68" count="2" type="stmt"/>
        <line num="72" count="2" type="cond" truecount="2" falsecount="0"/>
        <line num="73" count="1" type="stmt"/>
        <line num="75" count="1" type="stmt"/>
        <line num="76" count="1" type="stmt"/>
        <line num="80" count="2" type="stmt"/>
        <line num="84" count="2" type="cond" truecount="2" falsecount="0"/>
        <line num="85" count="1" type="stmt"/>
        <line num="98" count="11" type="stmt"/>
        <line num="114" count="10" type="cond" truecount="2" falsecount="0"/>
        <line num="115" count="1" type="stmt"/>
        <line num="118" count="9" type="stmt"/>
        <line num="119" count="11" type="cond" truecount="2" falsecount="0"/>
        <line num="120" count="1" type="stmt"/>
        <line num="123" count="8" type="stmt"/>
        <line num="124" count="8" type="stmt"/>
        <line num="126" count="8" type="stmt"/>
        <line num="127" count="8" type="stmt"/>
        <line num="128" count="17" type="stmt"/>
        <line num="129" count="17" type="cond" truecount="2" falsecount="0"/>
        <line num="131" count="10" type="stmt"/>
        <line num="132" count="10" type="stmt"/>
        <line num="133" count="10" type="cond" truecount="1" falsecount="1"/>
        <line num="135" count="17" type="stmt"/>
        <line num="136" count="10" type="stmt"/>
        <line num="138" count="10" type="stmt"/>
        <line num="139" count="10" type="cond" truecount="1" falsecount="1"/>
        <line num="141" count="10" type="stmt"/>
        <line num="143" count="10" type="stmt"/>
        <line num="144" count="10" type="stmt"/>
        <line num="146" count="1" type="stmt"/>
        <line num="149" count="9" type="cond" truecount="2" falsecount="0"/>
        <line num="150" count="1" type="stmt"/>
        <line num="151" count="1" type="stmt"/>
        <line num="154" count="8" type="stmt"/>
        <line num="155" count="8" type="cond" truecount="2" falsecount="0"/>
        <line num="156" count="7" type="stmt"/>
        <line num="166" count="8" type="stmt"/>
      </file>
      <file name="firebaseService.ts" path="/opt/repos/adk-agente-viajes/personal_assistant/frontend/src/services/firebaseService.ts">
        <metrics statements="24" coveredstatements="24" conditionals="28" coveredconditionals="23" methods="11" coveredmethods="11"/>
        <line num="23" count="1" type="stmt"/>
        <line num="26" count="1" type="stmt"/>
        <line num="35" count="1" type="stmt"/>
        <line num="39" count="1" type="stmt"/>
        <line num="43" count="2" type="stmt"/>
        <line num="44" count="2" type="cond" truecount="2" falsecount="0"/>
        <line num="49" count="1" type="stmt"/>
        <line num="50" count="1" type="stmt"/>
        <line num="68" count="1" type="stmt"/>
        <line num="69" count="1" type="stmt"/>
        <line num="83" count="1" type="stmt"/>
        <line num="84" count="1" type="stmt"/>
        <line num="95" count="3" type="stmt"/>
        <line num="105" count="3" type="stmt"/>
        <line num="106" count="3" type="stmt"/>
        <line num="135" count="3" type="stmt"/>
        <line num="143" count="3" type="stmt"/>
        <line num="144" count="3" type="stmt"/>
        <line num="146" count="3" type="stmt"/>
        <line num="147" count="3" type="stmt"/>
        <line num="148" count="3" type="cond" truecount="2" falsecount="0"/>
        <line num="150" count="3" type="cond" truecount="2" falsecount="0"/>
        <line num="151" count="1" type="stmt"/>
        <line num="165" count="2" type="stmt"/>
      </file>
    </package>
    <package name="src.templates.ChatTemplate">
      <metrics statements="1" coveredstatements="1" conditionals="0" coveredconditionals="0" methods="1" coveredmethods="1"/>
      <file name="ChatTemplate.tsx" path="/opt/repos/adk-agente-viajes/personal_assistant/frontend/src/templates/ChatTemplate/ChatTemplate.tsx">
        <metrics statements="1" coveredstatements="1" conditionals="0" coveredconditionals="0" methods="1" coveredmethods="1"/>
        <line num="11" count="3" type="stmt"/>
      </file>
    </package>
    <package name="src.templates.LoginTemplate">
      <metrics statements="1" coveredstatements="1" conditionals="0" coveredconditionals="0" methods="1" coveredmethods="1"/>
      <file name="LoginTemplate.tsx" path="/opt/repos/adk-agente-viajes/personal_assistant/frontend/src/templates/LoginTemplate/LoginTemplate.tsx">
        <metrics statements="1" coveredstatements="1" conditionals="0" coveredconditionals="0" methods="1" coveredmethods="1"/>
        <line num="9" count="4" type="stmt"/>
      </file>
    </package>
    <package name="src.types">
      <metrics statements="0" coveredstatements="0" conditionals="0" coveredconditionals="0" methods="0" coveredmethods="0"/>
      <file name="conversation.ts" path="/opt/repos/adk-agente-viajes/personal_assistant/frontend/src/types/conversation.ts">
        <metrics statements="0" coveredstatements="0" conditionals="0" coveredconditionals="0" methods="0" coveredmethods="0"/>
      </file>
      <file name="message.ts" path="/opt/repos/adk-agente-viajes/personal_assistant/frontend/src/types/message.ts">
        <metrics statements="0" coveredstatements="0" conditionals="0" coveredconditionals="0" methods="0" coveredmethods="0"/>
      </file>
      <file name="user.ts" path="/opt/repos/adk-agente-viajes/personal_assistant/frontend/src/types/user.ts">
        <metrics statements="0" coveredstatements="0" conditionals="0" coveredconditionals="0" methods="0" coveredmethods="0"/>
      </file>
    </package>
  </project>
</coverage>
