{"/opt/repos/adk-agente-viajes/personal_assistant/frontend/src/App.tsx": {"path":"/opt/repos/adk-agente-viajes/personal_assistant/frontend/src/App.tsx","statementMap":{"0":{"start":{"line":6,"column":24},"end":{"line":6,"column":null}},"1":{"start":{"line":8,"column":2},"end":{"line":10,"column":null}},"2":{"start":{"line":9,"column":4},"end":{"line":9,"column":null}},"3":{"start":{"line":12,"column":2},"end":{"line":14,"column":null}},"4":{"start":{"line":13,"column":4},"end":{"line":13,"column":null}},"5":{"start":{"line":16,"column":2},"end":{"line":16,"column":null}}},"fnMap":{"0":{"name":"App","decl":{"start":{"line":5,"column":9},"end":{"line":5,"column":15}},"loc":{"start":{"line":5,"column":15},"end":{"line":17,"column":null}},"line":5}},"branchMap":{"0":{"loc":{"start":{"line":8,"column":2},"end":{"line":10,"column":null}},"type":"if","locations":[{"start":{"line":8,"column":2},"end":{"line":10,"column":null}},{"start":{},"end":{}}],"line":8},"1":{"loc":{"start":{"line":12,"column":2},"end":{"line":14,"column":null}},"type":"if","locations":[{"start":{"line":12,"column":2},"end":{"line":14,"column":null}},{"start":{},"end":{}}],"line":12}},"s":{"0":3,"1":3,"2":1,"3":2,"4":1,"5":1},"f":{"0":3},"b":{"0":[1,2],"1":[1,1]},"meta":{"lastBranch":2,"lastFunction":1,"lastStatement":6,"seen":{"f:5:9:5:15":0,"s:6:24:6:Infinity":0,"b:8:2:10:Infinity:undefined:undefined:undefined:undefined":0,"s:8:2:10:Infinity":1,"s:9:4:9:Infinity":2,"b:12:2:14:Infinity:undefined:undefined:undefined:undefined":1,"s:12:2:14:Infinity":3,"s:13:4:13:Infinity":4,"s:16:2:16:Infinity":5}}}
,"/opt/repos/adk-agente-viajes/personal_assistant/frontend/src/firebase.ts": {"path":"/opt/repos/adk-agente-viajes/personal_assistant/frontend/src/firebase.ts","statementMap":{"0":{"start":{"line":5,"column":23},"end":{"line":12,"column":null}},"1":{"start":{"line":14,"column":13},"end":{"line":14,"column":null}},"2":{"start":{"line":15,"column":13},"end":{"line":15,"column":null}},"3":{"start":{"line":16,"column":13},"end":{"line":16,"column":null}}},"fnMap":{},"branchMap":{},"s":{"0":0,"1":0,"2":0,"3":0},"f":{},"b":{},"meta":{"lastBranch":0,"lastFunction":0,"lastStatement":4,"seen":{"s:5:23:12:Infinity":0,"s:14:13:14:Infinity":1,"s:15:13:15:Infinity":2,"s:16:13:16:Infinity":3}}}
,"/opt/repos/adk-agente-viajes/personal_assistant/frontend/src/atoms/Avatar/Avatar.tsx": {"path":"/opt/repos/adk-agente-viajes/personal_assistant/frontend/src/atoms/Avatar/Avatar.tsx","statementMap":{"0":{"start":{"line":10,"column":16},"end":{"line":10,"column":null}},"1":{"start":{"line":11,"column":2},"end":{"line":13,"column":null}},"2":{"start":{"line":12,"column":4},"end":{"line":12,"column":null}},"3":{"start":{"line":14,"column":2},"end":{"line":14,"column":null}},"4":{"start":{"line":18,"column":2},"end":{"line":25,"column":null}}},"fnMap":{"0":{"name":"getInitials","decl":{"start":{"line":9,"column":9},"end":{"line":9,"column":21}},"loc":{"start":{"line":9,"column":43},"end":{"line":15,"column":null}},"line":9},"1":{"name":"Avatar","decl":{"start":{"line":17,"column":16},"end":{"line":17,"column":23}},"loc":{"start":{"line":17,"column":76},"end":{"line":27,"column":null}},"line":17}},"branchMap":{"0":{"loc":{"start":{"line":11,"column":2},"end":{"line":13,"column":null}},"type":"if","locations":[{"start":{"line":11,"column":2},"end":{"line":13,"column":null}},{"start":{},"end":{}}],"line":11},"1":{"loc":{"start":{"line":12,"column":14},"end":{"line":12,"column":33}},"type":"binary-expr","locations":[{"start":{"line":12,"column":14},"end":{"line":12,"column":31}},{"start":{"line":12,"column":31},"end":{"line":12,"column":33}}],"line":12},"2":{"loc":{"start":{"line":12,"column":36},"end":{"line":12,"column":55}},"type":"binary-expr","locations":[{"start":{"line":12,"column":36},"end":{"line":12,"column":53}},{"start":{"line":12,"column":53},"end":{"line":12,"column":55}}],"line":12},"3":{"loc":{"start":{"line":14,"column":10},"end":{"line":14,"column":32}},"type":"binary-expr","locations":[{"start":{"line":14,"column":10},"end":{"line":14,"column":27}},{"start":{"line":14,"column":27},"end":{"line":14,"column":32}}],"line":14},"4":{"loc":{"start":{"line":17,"column":48},"end":{"line":17,"column":60}},"type":"default-arg","locations":[{"start":{"line":17,"column":55},"end":{"line":17,"column":60}}],"line":17},"5":{"loc":{"start":{"line":20,"column":7},"end":{"line":23,"column":null}},"type":"cond-expr","locations":[{"start":{"line":21,"column":8},"end":{"line":21,"column":null}},{"start":{"line":23,"column":8},"end":{"line":23,"column":null}}],"line":20},"6":{"loc":{"start":{"line":21,"column":57},"end":{"line":21,"column":87}},"type":"binary-expr","locations":[{"start":{"line":21,"column":57},"end":{"line":21,"column":72}},{"start":{"line":21,"column":72},"end":{"line":21,"column":87}}],"line":21}},"s":{"0":3,"1":3,"2":1,"3":2,"4":14},"f":{"0":3,"1":14},"b":{"0":[1,2],"1":[1,0],"2":[1,0],"3":[2,0],"4":[14],"5":[11,3],"6":[11,2]},"meta":{"lastBranch":7,"lastFunction":2,"lastStatement":5,"seen":{"f:9:9:9:21":0,"s:10:16:10:Infinity":0,"b:11:2:13:Infinity:undefined:undefined:undefined:undefined":0,"s:11:2:13:Infinity":1,"s:12:4:12:Infinity":2,"b:12:14:12:31:12:31:12:33":1,"b:12:36:12:53:12:53:12:55":2,"s:14:2:14:Infinity":3,"b:14:10:14:27:14:27:14:32":3,"f:17:16:17:23":1,"b:17:55:17:60":4,"s:18:2:25:Infinity":4,"b:21:8:21:Infinity:23:8:23:Infinity":5,"b:21:57:21:72:21:72:21:87":6}}}
,"/opt/repos/adk-agente-viajes/personal_assistant/frontend/src/atoms/Button/Button.tsx": {"path":"/opt/repos/adk-agente-viajes/personal_assistant/frontend/src/atoms/Button/Button.tsx","statementMap":{"0":{"start":{"line":10,"column":2},"end":{"line":13,"column":null}}},"fnMap":{"0":{"name":"Button","decl":{"start":{"line":9,"column":16},"end":{"line":9,"column":23}},"loc":{"start":{"line":9,"column":88},"end":{"line":15,"column":null}},"line":9}},"branchMap":{"0":{"loc":{"start":{"line":9,"column":32},"end":{"line":9,"column":53}},"type":"default-arg","locations":[{"start":{"line":9,"column":42},"end":{"line":9,"column":53}}],"line":9},"1":{"loc":{"start":{"line":11,"column":43},"end":{"line":11,"column":75}},"type":"cond-expr","locations":[{"start":{"line":11,"column":55},"end":{"line":11,"column":73}},{"start":{"line":11,"column":73},"end":{"line":11,"column":75}}],"line":11}},"s":{"0":89},"f":{"0":89},"b":{"0":[89],"1":[0,89]},"meta":{"lastBranch":2,"lastFunction":1,"lastStatement":1,"seen":{"f:9:16:9:23":0,"b:9:42:9:53":0,"s:10:2:13:Infinity":0,"b:11:55:11:73:11:73:11:75":1}}}
,"/opt/repos/adk-agente-viajes/personal_assistant/frontend/src/atoms/Icon/Icon.tsx": {"path":"/opt/repos/adk-agente-viajes/personal_assistant/frontend/src/atoms/Icon/Icon.tsx","statementMap":{"0":{"start":{"line":10,"column":23},"end":{"line":10,"column":null}},"1":{"start":{"line":12,"column":2},"end":{"line":22,"column":null}}},"fnMap":{"0":{"name":"Icon","decl":{"start":{"line":9,"column":16},"end":{"line":9,"column":21}},"loc":{"start":{"line":9,"column":100},"end":{"line":24,"column":null}},"line":9}},"branchMap":{"0":{"loc":{"start":{"line":9,"column":29},"end":{"line":9,"column":42}},"type":"default-arg","locations":[{"start":{"line":9,"column":36},"end":{"line":9,"column":42}}],"line":9},"1":{"loc":{"start":{"line":14,"column":38},"end":{"line":14,"column":70}},"type":"cond-expr","locations":[{"start":{"line":14,"column":50},"end":{"line":14,"column":68}},{"start":{"line":14,"column":68},"end":{"line":14,"column":70}}],"line":14},"2":{"loc":{"start":{"line":15,"column":19},"end":{"line":15,"column":null}},"type":"cond-expr","locations":[{"start":{"line":15,"column":34},"end":{"line":15,"column":43}},{"start":{"line":15,"column":43},"end":{"line":15,"column":null}}],"line":15},"3":{"loc":{"start":{"line":17,"column":12},"end":{"line":17,"column":null}},"type":"cond-expr","locations":[{"start":{"line":17,"column":24},"end":{"line":17,"column":32}},{"start":{"line":17,"column":32},"end":{"line":17,"column":null}}],"line":17}},"s":{"0":5,"1":5},"f":{"0":5},"b":{"0":[5],"1":[0,5],"2":[4,1],"3":[1,4]},"meta":{"lastBranch":4,"lastFunction":1,"lastStatement":2,"seen":{"f:9:16:9:21":0,"b:9:36:9:42":0,"s:10:23:10:Infinity":0,"s:12:2:22:Infinity":1,"b:14:50:14:68:14:68:14:70":1,"b:15:34:15:43:15:43:15:Infinity":2,"b:17:24:17:32:17:32:17:Infinity":3}}}
,"/opt/repos/adk-agente-viajes/personal_assistant/frontend/src/atoms/LoadingDots/LoadingDots.tsx": {"path":"/opt/repos/adk-agente-viajes/personal_assistant/frontend/src/atoms/LoadingDots/LoadingDots.tsx","statementMap":{"0":{"start":{"line":8,"column":2},"end":{"line":8,"column":null}},"1":{"start":{"line":8,"column":16},"end":{"line":8,"column":null}},"2":{"start":{"line":10,"column":2},"end":{"line":15,"column":null}}},"fnMap":{"0":{"name":"LoadingDots","decl":{"start":{"line":7,"column":16},"end":{"line":7,"column":28}},"loc":{"start":{"line":7,"column":66},"end":{"line":17,"column":null}},"line":7}},"branchMap":{"0":{"loc":{"start":{"line":7,"column":30},"end":{"line":7,"column":45}},"type":"default-arg","locations":[{"start":{"line":7,"column":40},"end":{"line":7,"column":45}}],"line":7},"1":{"loc":{"start":{"line":8,"column":2},"end":{"line":8,"column":null}},"type":"if","locations":[{"start":{"line":8,"column":2},"end":{"line":8,"column":null}},{"start":{},"end":{}}],"line":8}},"s":{"0":16,"1":8,"2":8},"f":{"0":16},"b":{"0":[16],"1":[8,8]},"meta":{"lastBranch":2,"lastFunction":1,"lastStatement":3,"seen":{"f:7:16:7:28":0,"b:7:40:7:45":0,"b:8:2:8:Infinity:undefined:undefined:undefined:undefined":1,"s:8:2:8:Infinity":0,"s:8:16:8:Infinity":1,"s:10:2:15:Infinity":2}}}
,"/opt/repos/adk-agente-viajes/personal_assistant/frontend/src/atoms/TextInput/TextInput.tsx": {"path":"/opt/repos/adk-agente-viajes/personal_assistant/frontend/src/atoms/TextInput/TextInput.tsx","statementMap":{"0":{"start":{"line":11,"column":4},"end":{"line":14,"column":null}},"1":{"start":{"line":12,"column":6},"end":{"line":12,"column":null}},"2":{"start":{"line":13,"column":6},"end":{"line":13,"column":null}},"3":{"start":{"line":17,"column":2},"end":{"line":24,"column":null}}},"fnMap":{"0":{"name":"TextInput","decl":{"start":{"line":9,"column":16},"end":{"line":9,"column":26}},"loc":{"start":{"line":9,"column":83},"end":{"line":26,"column":null}},"line":9},"1":{"name":"handleKeyDown","decl":{"start":{"line":10,"column":11},"end":{"line":10,"column":25}},"loc":{"start":{"line":10,"column":61},"end":{"line":15,"column":null}},"line":10}},"branchMap":{"0":{"loc":{"start":{"line":11,"column":4},"end":{"line":14,"column":null}},"type":"if","locations":[{"start":{"line":11,"column":4},"end":{"line":14,"column":null}},{"start":{},"end":{}}],"line":11},"1":{"loc":{"start":{"line":11,"column":8},"end":{"line":11,"column":54}},"type":"binary-expr","locations":[{"start":{"line":11,"column":8},"end":{"line":11,"column":29}},{"start":{"line":11,"column":29},"end":{"line":11,"column":44}},{"start":{"line":11,"column":44},"end":{"line":11,"column":54}}],"line":11},"2":{"loc":{"start":{"line":20,"column":30},"end":{"line":20,"column":62}},"type":"cond-expr","locations":[{"start":{"line":20,"column":42},"end":{"line":20,"column":60}},{"start":{"line":20,"column":60},"end":{"line":20,"column":62}}],"line":20},"3":{"loc":{"start":{"line":22,"column":20},"end":{"line":22,"column":null}},"type":"binary-expr","locations":[{"start":{"line":22,"column":20},"end":{"line":22,"column":29}},{"start":{"line":22,"column":29},"end":{"line":22,"column":null}}],"line":22}},"s":{"0":52,"1":6,"2":6,"3":69},"f":{"0":69,"1":52},"b":{"0":[6,46],"1":[52,7,6],"2":[0,69],"3":[69,69]},"meta":{"lastBranch":4,"lastFunction":2,"lastStatement":4,"seen":{"f:9:16:9:26":0,"f:10:11:10:25":1,"b:11:4:14:Infinity:undefined:undefined:undefined:undefined":0,"s:11:4:14:Infinity":0,"b:11:8:11:29:11:29:11:44:11:44:11:54":1,"s:12:6:12:Infinity":1,"s:13:6:13:Infinity":2,"s:17:2:24:Infinity":3,"b:20:42:20:60:20:60:20:62":2,"b:22:20:22:29:22:29:22:Infinity":3}}}
,"/opt/repos/adk-agente-viajes/personal_assistant/frontend/src/hooks/useAuth.ts": {"path":"/opt/repos/adk-agente-viajes/personal_assistant/frontend/src/hooks/useAuth.ts","statementMap":{"0":{"start":{"line":19,"column":22},"end":{"line":19,"column":null}},"1":{"start":{"line":20,"column":28},"end":{"line":20,"column":null}},"2":{"start":{"line":21,"column":24},"end":{"line":21,"column":null}},"3":{"start":{"line":23,"column":2},"end":{"line":34,"column":null}},"4":{"start":{"line":24,"column":10},"end":{"line":32,"column":null}},"5":{"start":{"line":25,"column":6},"end":{"line":25,"column":null}},"6":{"start":{"line":26,"column":6},"end":{"line":26,"column":null}},"7":{"start":{"line":27,"column":6},"end":{"line":31,"column":null}},"8":{"start":{"line":28,"column":8},"end":{"line":30,"column":null}},"9":{"start":{"line":33,"column":4},"end":{"line":33,"column":null}},"10":{"start":{"line":36,"column":8},"end":{"line":47,"column":null}},"11":{"start":{"line":37,"column":4},"end":{"line":37,"column":null}},"12":{"start":{"line":38,"column":4},"end":{"line":38,"column":null}},"13":{"start":{"line":39,"column":4},"end":{"line":46,"column":null}},"14":{"start":{"line":40,"column":6},"end":{"line":40,"column":null}},"15":{"start":{"line":43,"column":8},"end":{"line":43,"column":null}},"16":{"start":{"line":44,"column":6},"end":{"line":44,"column":null}},"17":{"start":{"line":45,"column":6},"end":{"line":45,"column":null}},"18":{"start":{"line":49,"column":8},"end":{"line":58,"column":null}},"19":{"start":{"line":50,"column":4},"end":{"line":50,"column":null}},"20":{"start":{"line":51,"column":4},"end":{"line":57,"column":null}},"21":{"start":{"line":52,"column":6},"end":{"line":52,"column":null}},"22":{"start":{"line":55,"column":8},"end":{"line":55,"column":null}},"23":{"start":{"line":56,"column":6},"end":{"line":56,"column":null}},"24":{"start":{"line":60,"column":2},"end":{"line":60,"column":null}}},"fnMap":{"0":{"name":"useAuth","decl":{"start":{"line":18,"column":16},"end":{"line":18,"column":41}},"loc":{"start":{"line":18,"column":41},"end":{"line":61,"column":null}},"line":18},"1":{"name":"(anonymous_1)","decl":{"start":{"line":23,"column":12},"end":{"line":23,"column":18}},"loc":{"start":{"line":23,"column":18},"end":{"line":34,"column":5}},"line":23},"2":{"name":"(anonymous_2)","decl":{"start":{"line":24,"column":37},"end":{"line":24,"column":38}},"loc":{"start":{"line":24,"column":50},"end":{"line":32,"column":5}},"line":24},"3":{"name":"(anonymous_3)","decl":{"start":{"line":28,"column":41},"end":{"line":28,"column":47}},"loc":{"start":{"line":28,"column":47},"end":{"line":30,"column":9}},"line":28},"4":{"name":"(anonymous_4)","decl":{"start":{"line":36,"column":29},"end":{"line":36,"column":41}},"loc":{"start":{"line":36,"column":41},"end":{"line":47,"column":5}},"line":36},"5":{"name":"(anonymous_5)","decl":{"start":{"line":49,"column":36},"end":{"line":49,"column":48}},"loc":{"start":{"line":49,"column":48},"end":{"line":58,"column":5}},"line":49}},"branchMap":{"0":{"loc":{"start":{"line":27,"column":6},"end":{"line":31,"column":null}},"type":"if","locations":[{"start":{"line":27,"column":6},"end":{"line":31,"column":null}},{"start":{},"end":{}}],"line":27},"1":{"loc":{"start":{"line":43,"column":8},"end":{"line":43,"column":null}},"type":"cond-expr","locations":[{"start":{"line":43,"column":31},"end":{"line":43,"column":45}},{"start":{"line":43,"column":45},"end":{"line":43,"column":null}}],"line":43},"2":{"loc":{"start":{"line":55,"column":8},"end":{"line":55,"column":null}},"type":"cond-expr","locations":[{"start":{"line":55,"column":31},"end":{"line":55,"column":45}},{"start":{"line":55,"column":45},"end":{"line":55,"column":null}}],"line":55}},"s":{"0":18,"1":18,"2":18,"3":18,"4":10,"5":3,"6":3,"7":3,"8":1,"9":10,"10":18,"11":4,"12":4,"13":4,"14":4,"15":2,"16":2,"17":2,"18":18,"19":3,"20":3,"21":3,"22":2,"23":2,"24":18},"f":{"0":18,"1":10,"2":3,"3":0,"4":4,"5":3},"b":{"0":[1,2],"1":[1,1],"2":[1,1]},"meta":{"lastBranch":3,"lastFunction":6,"lastStatement":25,"seen":{"f:18:16:18:41":0,"s:19:22:19:Infinity":0,"s:20:28:20:Infinity":1,"s:21:24:21:Infinity":2,"s:23:2:34:Infinity":3,"f:23:12:23:18":1,"s:24:10:32:Infinity":4,"f:24:37:24:38":2,"s:25:6:25:Infinity":5,"s:26:6:26:Infinity":6,"b:27:6:31:Infinity:undefined:undefined:undefined:undefined":0,"s:27:6:31:Infinity":7,"s:28:8:30:Infinity":8,"f:28:41:28:47":3,"s:33:4:33:Infinity":9,"s:36:8:47:Infinity":10,"f:36:29:36:41":4,"s:37:4:37:Infinity":11,"s:38:4:38:Infinity":12,"s:39:4:46:Infinity":13,"s:40:6:40:Infinity":14,"s:43:8:43:Infinity":15,"b:43:31:43:45:43:45:43:Infinity":1,"s:44:6:44:Infinity":16,"s:45:6:45:Infinity":17,"s:49:8:58:Infinity":18,"f:49:36:49:48":5,"s:50:4:50:Infinity":19,"s:51:4:57:Infinity":20,"s:52:6:52:Infinity":21,"s:55:8:55:Infinity":22,"b:55:31:55:45:55:45:55:Infinity":2,"s:56:6:56:Infinity":23,"s:60:2:60:Infinity":24}}}
,"/opt/repos/adk-agente-viajes/personal_assistant/frontend/src/hooks/useConversation.ts": {"path":"/opt/repos/adk-agente-viajes/personal_assistant/frontend/src/hooks/useConversation.ts","statementMap":{"0":{"start":{"line":31,"column":2},"end":{"line":53,"column":null}},"1":{"start":{"line":33,"column":6},"end":{"line":33,"column":null}},"2":{"start":{"line":35,"column":6},"end":{"line":35,"column":null}},"3":{"start":{"line":37,"column":19},"end":{"line":37,"column":null}},"4":{"start":{"line":38,"column":22},"end":{"line":38,"column":null}},"5":{"start":{"line":39,"column":19},"end":{"line":39,"column":null}},"6":{"start":{"line":40,"column":6},"end":{"line":42,"column":null}},"7":{"start":{"line":41,"column":8},"end":{"line":41,"column":null}},"8":{"start":{"line":43,"column":6},"end":{"line":43,"column":null}},"9":{"start":{"line":46,"column":6},"end":{"line":46,"column":null}},"10":{"start":{"line":48,"column":6},"end":{"line":48,"column":null}},"11":{"start":{"line":50,"column":6},"end":{"line":50,"column":null}},"12":{"start":{"line":52,"column":6},"end":{"line":52,"column":null}},"13":{"start":{"line":56,"column":40},"end":{"line":62,"column":null}},"14":{"start":{"line":75,"column":24},"end":{"line":75,"column":null}},"15":{"start":{"line":76,"column":8},"end":{"line":76,"column":null}},"16":{"start":{"line":77,"column":8},"end":{"line":77,"column":null}},"17":{"start":{"line":79,"column":8},"end":{"line":90,"column":null}},"18":{"start":{"line":81,"column":6},"end":{"line":87,"column":null}},"19":{"start":{"line":82,"column":26},"end":{"line":82,"column":null}},"20":{"start":{"line":83,"column":23},"end":{"line":83,"column":null}},"21":{"start":{"line":84,"column":8},"end":{"line":84,"column":null}},"22":{"start":{"line":86,"column":8},"end":{"line":86,"column":null}},"23":{"start":{"line":92,"column":8},"end":{"line":99,"column":null}},"24":{"start":{"line":93,"column":4},"end":{"line":98,"column":null}},"25":{"start":{"line":94,"column":23},"end":{"line":94,"column":null}},"26":{"start":{"line":95,"column":6},"end":{"line":95,"column":null}},"27":{"start":{"line":97,"column":6},"end":{"line":97,"column":null}},"28":{"start":{"line":101,"column":8},"end":{"line":212,"column":null}},"29":{"start":{"line":103,"column":6},"end":{"line":103,"column":null}},"30":{"start":{"line":103,"column":56},"end":{"line":103,"column":null}},"31":{"start":{"line":104,"column":6},"end":{"line":104,"column":null}},"32":{"start":{"line":104,"column":31},"end":{"line":104,"column":null}},"33":{"start":{"line":106,"column":6},"end":{"line":106,"column":null}},"34":{"start":{"line":107,"column":6},"end":{"line":107,"column":null}},"35":{"start":{"line":109,"column":35},"end":{"line":115,"column":null}},"36":{"start":{"line":116,"column":6},"end":{"line":116,"column":null}},"37":{"start":{"line":119,"column":6},"end":{"line":124,"column":null}},"38":{"start":{"line":120,"column":22},"end":{"line":120,"column":null}},"39":{"start":{"line":121,"column":8},"end":{"line":123,"column":null}},"40":{"start":{"line":127,"column":6},"end":{"line":129,"column":null}},"41":{"start":{"line":132,"column":29},"end":{"line":132,"column":null}},"42":{"start":{"line":133,"column":44},"end":{"line":139,"column":null}},"43":{"start":{"line":140,"column":6},"end":{"line":140,"column":null}},"44":{"start":{"line":141,"column":6},"end":{"line":141,"column":null}},"45":{"start":{"line":143,"column":25},"end":{"line":143,"column":null}},"46":{"start":{"line":144,"column":6},"end":{"line":144,"column":null}},"47":{"start":{"line":146,"column":6},"end":{"line":209,"column":null}},"48":{"start":{"line":147,"column":43},"end":{"line":147,"column":null}},"49":{"start":{"line":149,"column":8},"end":{"line":170,"column":null}},"50":{"start":{"line":154,"column":12},"end":{"line":161,"column":null}},"51":{"start":{"line":155,"column":14},"end":{"line":155,"column":null}},"52":{"start":{"line":156,"column":14},"end":{"line":160,"column":null}},"53":{"start":{"line":162,"column":12},"end":{"line":167,"column":null}},"54":{"start":{"line":163,"column":14},"end":{"line":166,"column":null}},"55":{"start":{"line":173,"column":34},"end":{"line":179,"column":null}},"56":{"start":{"line":180,"column":8},"end":{"line":184,"column":null}},"57":{"start":{"line":186,"column":8},"end":{"line":188,"column":null}},"58":{"start":{"line":189,"column":8},"end":{"line":191,"column":null}},"59":{"start":{"line":193,"column":8},"end":{"line":193,"column":null}},"60":{"start":{"line":195,"column":8},"end":{"line":205,"column":null}},"61":{"start":{"line":196,"column":10},"end":{"line":199,"column":null}},"62":{"start":{"line":200,"column":10},"end":{"line":204,"column":null}},"63":{"start":{"line":207,"column":8},"end":{"line":207,"column":null}},"64":{"start":{"line":208,"column":8},"end":{"line":208,"column":null}},"65":{"start":{"line":214,"column":8},"end":{"line":216,"column":null}},"66":{"start":{"line":215,"column":4},"end":{"line":215,"column":null}},"67":{"start":{"line":218,"column":2},"end":{"line":226,"column":null}}},"fnMap":{"0":{"name":"reducer","decl":{"start":{"line":30,"column":9},"end":{"line":30,"column":17}},"loc":{"start":{"line":30,"column":90},"end":{"line":54,"column":null}},"line":30},"1":{"name":"useConversation","decl":{"start":{"line":74,"column":16},"end":{"line":74,"column":32}},"loc":{"start":{"line":74,"column":78},"end":{"line":227,"column":null}},"line":74},"2":{"name":"(anonymous_2)","decl":{"start":{"line":80,"column":4},"end":{"line":80,"column":11}},"loc":{"start":{"line":80,"column":27},"end":{"line":88,"column":null}},"line":80},"3":{"name":"(anonymous_3)","decl":{"start":{"line":92,"column":34},"end":{"line":92,"column":41}},"loc":{"start":{"line":92,"column":73},"end":{"line":99,"column":5}},"line":92},"4":{"name":"(anonymous_4)","decl":{"start":{"line":102,"column":4},"end":{"line":102,"column":11}},"loc":{"start":{"line":102,"column":28},"end":{"line":210,"column":null}},"line":102},"5":{"name":"(anonymous_5)","decl":{"start":{"line":121,"column":85},"end":{"line":121,"column":91}},"loc":{"start":{"line":121,"column":91},"end":{"line":123,"column":9}},"line":121},"6":{"name":"(anonymous_6)","decl":{"start":{"line":127,"column":59},"end":{"line":127,"column":65}},"loc":{"start":{"line":127,"column":65},"end":{"line":129,"column":7}},"line":127},"7":{"name":"(anonymous_7)","decl":{"start":{"line":153,"column":10},"end":{"line":153,"column":11}},"loc":{"start":{"line":153,"column":23},"end":{"line":168,"column":null}},"line":153},"8":{"name":"(anonymous_8)","decl":{"start":{"line":186,"column":58},"end":{"line":186,"column":64}},"loc":{"start":{"line":186,"column":64},"end":{"line":188,"column":9}},"line":186},"9":{"name":"(anonymous_9)","decl":{"start":{"line":189,"column":59},"end":{"line":189,"column":65}},"loc":{"start":{"line":189,"column":65},"end":{"line":191,"column":9}},"line":189},"10":{"name":"(anonymous_10)","decl":{"start":{"line":214,"column":33},"end":{"line":214,"column":39}},"loc":{"start":{"line":214,"column":39},"end":{"line":216,"column":5}},"line":214}},"branchMap":{"0":{"loc":{"start":{"line":31,"column":2},"end":{"line":53,"column":null}},"type":"switch","locations":[{"start":{"line":32,"column":4},"end":{"line":33,"column":null}},{"start":{"line":34,"column":4},"end":{"line":35,"column":null}},{"start":{"line":36,"column":4},"end":{"line":44,"column":null}},{"start":{"line":45,"column":4},"end":{"line":46,"column":null}},{"start":{"line":47,"column":4},"end":{"line":48,"column":null}},{"start":{"line":49,"column":4},"end":{"line":50,"column":null}},{"start":{"line":51,"column":4},"end":{"line":52,"column":null}}],"line":31},"1":{"loc":{"start":{"line":40,"column":6},"end":{"line":42,"column":null}},"type":"if","locations":[{"start":{"line":40,"column":6},"end":{"line":42,"column":null}},{"start":{},"end":{}}],"line":40},"2":{"loc":{"start":{"line":40,"column":10},"end":{"line":40,"column":47}},"type":"binary-expr","locations":[{"start":{"line":40,"column":10},"end":{"line":40,"column":18}},{"start":{"line":40,"column":18},"end":{"line":40,"column":47}}],"line":40},"3":{"loc":{"start":{"line":103,"column":6},"end":{"line":103,"column":null}},"type":"if","locations":[{"start":{"line":103,"column":6},"end":{"line":103,"column":null}},{"start":{},"end":{}}],"line":103},"4":{"loc":{"start":{"line":103,"column":10},"end":{"line":103,"column":56}},"type":"binary-expr","locations":[{"start":{"line":103,"column":10},"end":{"line":103,"column":21}},{"start":{"line":103,"column":21},"end":{"line":103,"column":41}},{"start":{"line":103,"column":41},"end":{"line":103,"column":56}}],"line":103},"5":{"loc":{"start":{"line":104,"column":6},"end":{"line":104,"column":null}},"type":"if","locations":[{"start":{"line":104,"column":6},"end":{"line":104,"column":null}},{"start":{},"end":{}}],"line":104},"6":{"loc":{"start":{"line":119,"column":6},"end":{"line":124,"column":null}},"type":"if","locations":[{"start":{"line":119,"column":6},"end":{"line":124,"column":null}},{"start":{},"end":{}}],"line":119},"7":{"loc":{"start":{"line":154,"column":12},"end":{"line":161,"column":null}},"type":"if","locations":[{"start":{"line":154,"column":12},"end":{"line":161,"column":null}},{"start":{},"end":{}}],"line":154},"8":{"loc":{"start":{"line":159,"column":24},"end":{"line":159,"column":null}},"type":"binary-expr","locations":[{"start":{"line":159,"column":24},"end":{"line":159,"column":42}},{"start":{"line":159,"column":42},"end":{"line":159,"column":null}}],"line":159},"9":{"loc":{"start":{"line":162,"column":12},"end":{"line":167,"column":null}},"type":"if","locations":[{"start":{"line":162,"column":12},"end":{"line":167,"column":null}},{"start":{},"end":{}}],"line":162},"10":{"loc":{"start":{"line":165,"column":23},"end":{"line":165,"column":null}},"type":"cond-expr","locations":[{"start":{"line":165,"column":58},"end":{"line":165,"column":81}},{"start":{"line":165,"column":81},"end":{"line":165,"column":null}}],"line":165},"11":{"loc":{"start":{"line":195,"column":8},"end":{"line":205,"column":null}},"type":"if","locations":[{"start":{"line":195,"column":8},"end":{"line":205,"column":null}},{"start":{},"end":{}}],"line":195}},"s":{"0":31,"1":5,"2":8,"3":5,"4":5,"5":5,"6":5,"7":5,"8":5,"9":10,"10":2,"11":0,"12":1,"13":1,"14":17,"15":17,"16":17,"17":17,"18":5,"19":5,"20":5,"21":5,"22":0,"23":17,"24":0,"25":0,"26":0,"27":0,"28":17,"29":5,"30":0,"31":5,"32":1,"33":4,"34":4,"35":4,"36":4,"37":4,"38":4,"39":4,"40":4,"41":4,"42":4,"43":4,"44":4,"45":4,"46":4,"47":4,"48":4,"49":4,"50":1,"51":1,"52":1,"53":1,"54":0,"55":2,"56":2,"57":2,"58":2,"59":2,"60":2,"61":2,"62":2,"63":4,"64":4,"65":17,"66":1,"67":17},"f":{"0":31,"1":17,"2":5,"3":0,"4":5,"5":0,"6":0,"7":1,"8":0,"9":0,"10":1},"b":{"0":[5,8,5,10,2,0,1],"1":[5,0],"2":[5,5],"3":[0,5],"4":[5,5,5],"5":[1,4],"6":[4,0],"7":[1,0],"8":[1,0],"9":[0,1],"10":[0,0],"11":[2,0]},"meta":{"lastBranch":12,"lastFunction":11,"lastStatement":68,"seen":{"f:30:9:30:17":0,"b:32:4:33:Infinity:34:4:35:Infinity:36:4:44:Infinity:45:4:46:Infinity:47:4:48:Infinity:49:4:50:Infinity:51:4:52:Infinity":0,"s:31:2:53:Infinity":0,"s:33:6:33:Infinity":1,"s:35:6:35:Infinity":2,"s:37:19:37:Infinity":3,"s:38:22:38:Infinity":4,"s:39:19:39:Infinity":5,"b:40:6:42:Infinity:undefined:undefined:undefined:undefined":1,"s:40:6:42:Infinity":6,"b:40:10:40:18:40:18:40:47":2,"s:41:8:41:Infinity":7,"s:43:6:43:Infinity":8,"s:46:6:46:Infinity":9,"s:48:6:48:Infinity":10,"s:50:6:50:Infinity":11,"s:52:6:52:Infinity":12,"s:56:40:62:Infinity":13,"f:74:16:74:32":1,"s:75:24:75:Infinity":14,"s:76:8:76:Infinity":15,"s:77:8:77:Infinity":16,"s:79:8:90:Infinity":17,"f:80:4:80:11":2,"s:81:6:87:Infinity":18,"s:82:26:82:Infinity":19,"s:83:23:83:Infinity":20,"s:84:8:84:Infinity":21,"s:86:8:86:Infinity":22,"s:92:8:99:Infinity":23,"f:92:34:92:41":3,"s:93:4:98:Infinity":24,"s:94:23:94:Infinity":25,"s:95:6:95:Infinity":26,"s:97:6:97:Infinity":27,"s:101:8:212:Infinity":28,"f:102:4:102:11":4,"b:103:6:103:Infinity:undefined:undefined:undefined:undefined":3,"s:103:6:103:Infinity":29,"b:103:10:103:21:103:21:103:41:103:41:103:56":4,"s:103:56:103:Infinity":30,"b:104:6:104:Infinity:undefined:undefined:undefined:undefined":5,"s:104:6:104:Infinity":31,"s:104:31:104:Infinity":32,"s:106:6:106:Infinity":33,"s:107:6:107:Infinity":34,"s:109:35:115:Infinity":35,"s:116:6:116:Infinity":36,"b:119:6:124:Infinity:undefined:undefined:undefined:undefined":6,"s:119:6:124:Infinity":37,"s:120:22:120:Infinity":38,"s:121:8:123:Infinity":39,"f:121:85:121:91":5,"s:127:6:129:Infinity":40,"f:127:59:127:65":6,"s:132:29:132:Infinity":41,"s:133:44:139:Infinity":42,"s:140:6:140:Infinity":43,"s:141:6:141:Infinity":44,"s:143:25:143:Infinity":45,"s:144:6:144:Infinity":46,"s:146:6:209:Infinity":47,"s:147:43:147:Infinity":48,"s:149:8:170:Infinity":49,"f:153:10:153:11":7,"b:154:12:161:Infinity:undefined:undefined:undefined:undefined":7,"s:154:12:161:Infinity":50,"s:155:14:155:Infinity":51,"s:156:14:160:Infinity":52,"b:159:24:159:42:159:42:159:Infinity":8,"b:162:12:167:Infinity:undefined:undefined:undefined:undefined":9,"s:162:12:167:Infinity":53,"s:163:14:166:Infinity":54,"b:165:58:165:81:165:81:165:Infinity":10,"s:173:34:179:Infinity":55,"s:180:8:184:Infinity":56,"s:186:8:188:Infinity":57,"f:186:58:186:64":8,"s:189:8:191:Infinity":58,"f:189:59:189:65":9,"s:193:8:193:Infinity":59,"b:195:8:205:Infinity:undefined:undefined:undefined:undefined":11,"s:195:8:205:Infinity":60,"s:196:10:199:Infinity":61,"s:200:10:204:Infinity":62,"s:207:8:207:Infinity":63,"s:208:8:208:Infinity":64,"s:214:8:216:Infinity":65,"f:214:33:214:39":10,"s:215:4:215:Infinity":66,"s:218:2:226:Infinity":67}}}
,"/opt/repos/adk-agente-viajes/personal_assistant/frontend/src/molecules/ErrorBanner/ErrorBanner.tsx": {"path":"/opt/repos/adk-agente-viajes/personal_assistant/frontend/src/molecules/ErrorBanner/ErrorBanner.tsx","statementMap":{"0":{"start":{"line":11,"column":2},"end":{"line":11,"column":null}},"1":{"start":{"line":11,"column":16},"end":{"line":11,"column":null}},"2":{"start":{"line":13,"column":2},"end":{"line":20,"column":null}}},"fnMap":{"0":{"name":"ErrorBanner","decl":{"start":{"line":10,"column":16},"end":{"line":10,"column":28}},"loc":{"start":{"line":10,"column":79},"end":{"line":22,"column":null}},"line":10}},"branchMap":{"0":{"loc":{"start":{"line":11,"column":2},"end":{"line":11,"column":null}},"type":"if","locations":[{"start":{"line":11,"column":2},"end":{"line":11,"column":null}},{"start":{},"end":{}}],"line":11},"1":{"loc":{"start":{"line":17,"column":9},"end":{"line":17,"column":null}},"type":"binary-expr","locations":[{"start":{"line":17,"column":9},"end":{"line":17,"column":20}},{"start":{"line":17,"column":20},"end":{"line":17,"column":null}}],"line":17}},"s":{"0":15,"1":9,"2":6},"f":{"0":15},"b":{"0":[9,6],"1":[6,1]},"meta":{"lastBranch":2,"lastFunction":1,"lastStatement":3,"seen":{"f:10:16:10:28":0,"b:11:2:11:Infinity:undefined:undefined:undefined:undefined":0,"s:11:2:11:Infinity":0,"s:11:16:11:Infinity":1,"s:13:2:20:Infinity":2,"b:17:9:17:20:17:20:17:Infinity":1}}}
,"/opt/repos/adk-agente-viajes/personal_assistant/frontend/src/molecules/MessageBubble/MessageBubble.tsx": {"path":"/opt/repos/adk-agente-viajes/personal_assistant/frontend/src/molecules/MessageBubble/MessageBubble.tsx","statementMap":{"0":{"start":{"line":10,"column":2},"end":{"line":10,"column":null}},"1":{"start":{"line":14,"column":21},"end":{"line":14,"column":null}},"2":{"start":{"line":16,"column":2},"end":{"line":32,"column":null}}},"fnMap":{"0":{"name":"formatTime","decl":{"start":{"line":9,"column":9},"end":{"line":9,"column":20}},"loc":{"start":{"line":9,"column":40},"end":{"line":11,"column":null}},"line":9},"1":{"name":"MessageBubble","decl":{"start":{"line":13,"column":16},"end":{"line":13,"column":30}},"loc":{"start":{"line":13,"column":63},"end":{"line":34,"column":null}},"line":13}},"branchMap":{"0":{"loc":{"start":{"line":14,"column":21},"end":{"line":14,"column":null}},"type":"cond-expr","locations":[{"start":{"line":14,"column":49},"end":{"line":14,"column":74}},{"start":{"line":14,"column":74},"end":{"line":14,"column":null}}],"line":14},"1":{"loc":{"start":{"line":18,"column":7},"end":{"line":19,"column":null}},"type":"binary-expr","locations":[{"start":{"line":18,"column":7},"end":{"line":18,"column":null}},{"start":{"line":19,"column":8},"end":{"line":19,"column":null}}],"line":18},"2":{"loc":{"start":{"line":21,"column":7},"end":{"line":22,"column":null}},"type":"binary-expr","locations":[{"start":{"line":21,"column":7},"end":{"line":21,"column":null}},{"start":{"line":22,"column":8},"end":{"line":22,"column":null}}],"line":21},"3":{"loc":{"start":{"line":24,"column":7},"end":{"line":27,"column":null}},"type":"binary-expr","locations":[{"start":{"line":24,"column":7},"end":{"line":24,"column":null}},{"start":{"line":25,"column":8},"end":{"line":27,"column":null}}],"line":24}},"s":{"0":16,"1":16,"2":16},"f":{"0":16,"1":16},"b":{"0":[10,6],"1":[16,14],"2":[16,2],"3":[16,1]},"meta":{"lastBranch":4,"lastFunction":2,"lastStatement":3,"seen":{"f:9:9:9:20":0,"s:10:2:10:Infinity":0,"f:13:16:13:30":1,"s:14:21:14:Infinity":1,"b:14:49:14:74:14:74:14:Infinity":0,"s:16:2:32:Infinity":2,"b:18:7:18:Infinity:19:8:19:Infinity":1,"b:21:7:21:Infinity:22:8:22:Infinity":2,"b:24:7:24:Infinity:25:8:27:Infinity":3}}}
,"/opt/repos/adk-agente-viajes/personal_assistant/frontend/src/molecules/MessageInputBar/MessageInputBar.tsx": {"path":"/opt/repos/adk-agente-viajes/personal_assistant/frontend/src/molecules/MessageInputBar/MessageInputBar.tsx","statementMap":{"0":{"start":{"line":12,"column":24},"end":{"line":12,"column":null}},"1":{"start":{"line":15,"column":20},"end":{"line":15,"column":null}},"2":{"start":{"line":16,"column":4},"end":{"line":16,"column":null}},"3":{"start":{"line":16,"column":18},"end":{"line":16,"column":null}},"4":{"start":{"line":17,"column":4},"end":{"line":17,"column":null}},"5":{"start":{"line":18,"column":4},"end":{"line":18,"column":null}},"6":{"start":{"line":21,"column":2},"end":{"line":32,"column":null}},"7":{"start":{"line":25,"column":25},"end":{"line":25,"column":null}}},"fnMap":{"0":{"name":"MessageInputBar","decl":{"start":{"line":11,"column":16},"end":{"line":11,"column":32}},"loc":{"start":{"line":11,"column":84},"end":{"line":34,"column":null}},"line":11},"1":{"name":"handleSubmit","decl":{"start":{"line":14,"column":11},"end":{"line":14,"column":26}},"loc":{"start":{"line":14,"column":26},"end":{"line":19,"column":null}},"line":14},"2":{"name":"(anonymous_2)","decl":{"start":{"line":25,"column":18},"end":{"line":25,"column":19}},"loc":{"start":{"line":25,"column":25},"end":{"line":25,"column":null}},"line":25}},"branchMap":{"0":{"loc":{"start":{"line":11,"column":42},"end":{"line":11,"column":59}},"type":"default-arg","locations":[{"start":{"line":11,"column":53},"end":{"line":11,"column":59}}],"line":11},"1":{"loc":{"start":{"line":16,"column":4},"end":{"line":16,"column":null}},"type":"if","locations":[{"start":{"line":16,"column":4},"end":{"line":16,"column":null}},{"start":{},"end":{}}],"line":16},"2":{"loc":{"start":{"line":31,"column":60},"end":{"line":31,"column":87}},"type":"binary-expr","locations":[{"start":{"line":31,"column":60},"end":{"line":31,"column":72}},{"start":{"line":31,"column":72},"end":{"line":31,"column":87}}],"line":31}},"s":{"0":62,"1":6,"2":6,"3":1,"4":5,"5":5,"6":62,"7":43},"f":{"0":62,"1":6,"2":43},"b":{"0":[62],"1":[1,5],"2":[62,59]},"meta":{"lastBranch":3,"lastFunction":3,"lastStatement":8,"seen":{"f:11:16:11:32":0,"b:11:53:11:59":0,"s:12:24:12:Infinity":0,"f:14:11:14:26":1,"s:15:20:15:Infinity":1,"b:16:4:16:Infinity:undefined:undefined:undefined:undefined":1,"s:16:4:16:Infinity":2,"s:16:18:16:Infinity":3,"s:17:4:17:Infinity":4,"s:18:4:18:Infinity":5,"s:21:2:32:Infinity":6,"f:25:18:25:19":2,"s:25:25:25:Infinity":7,"b:31:60:31:72:31:72:31:87":2}}}
,"/opt/repos/adk-agente-viajes/personal_assistant/frontend/src/molecules/ToolResultWidget/ToolResultWidget.tsx": {"path":"/opt/repos/adk-agente-viajes/personal_assistant/frontend/src/molecules/ToolResultWidget/ToolResultWidget.tsx","statementMap":{"0":{"start":{"line":9,"column":29},"end":{"line":9,"column":null}},"1":{"start":{"line":10,"column":2},"end":{"line":19,"column":null}},"2":{"start":{"line":24,"column":2},"end":{"line":27,"column":null}},"3":{"start":{"line":32,"column":2},"end":{"line":35,"column":null}},"4":{"start":{"line":40,"column":2},"end":{"line":43,"column":null}},"5":{"start":{"line":48,"column":2},"end":{"line":57,"column":null}},"6":{"start":{"line":50,"column":6},"end":{"line":50,"column":null}},"7":{"start":{"line":52,"column":6},"end":{"line":52,"column":null}},"8":{"start":{"line":54,"column":6},"end":{"line":54,"column":null}},"9":{"start":{"line":56,"column":6},"end":{"line":56,"column":null}}},"fnMap":{"0":{"name":"ExchangeRateView","decl":{"start":{"line":8,"column":9},"end":{"line":8,"column":26}},"loc":{"start":{"line":8,"column":71},"end":{"line":21,"column":null}},"line":8},"1":{"name":"WikipediaView","decl":{"start":{"line":23,"column":9},"end":{"line":23,"column":23}},"loc":{"start":{"line":23,"column":68},"end":{"line":29,"column":null}},"line":23},"2":{"name":"SearchView","decl":{"start":{"line":31,"column":9},"end":{"line":31,"column":20}},"loc":{"start":{"line":31,"column":65},"end":{"line":37,"column":null}},"line":31},"3":{"name":"UnknownView","decl":{"start":{"line":39,"column":9},"end":{"line":39,"column":21}},"loc":{"start":{"line":39,"column":66},"end":{"line":45,"column":null}},"line":39},"4":{"name":"ToolResultWidget","decl":{"start":{"line":47,"column":16},"end":{"line":47,"column":33}},"loc":{"start":{"line":47,"column":69},"end":{"line":58,"column":null}},"line":47}},"branchMap":{"0":{"loc":{"start":{"line":13,"column":9},"end":{"line":13,"column":null}},"type":"binary-expr","locations":[{"start":{"line":13,"column":9},"end":{"line":13,"column":17}},{"start":{"line":13,"column":17},"end":{"line":13,"column":null}}],"line":13},"1":{"loc":{"start":{"line":15,"column":9},"end":{"line":15,"column":null}},"type":"binary-expr","locations":[{"start":{"line":15,"column":9},"end":{"line":15,"column":15}},{"start":{"line":15,"column":15},"end":{"line":15,"column":null}}],"line":15},"2":{"loc":{"start":{"line":17,"column":7},"end":{"line":17,"column":null}},"type":"binary-expr","locations":[{"start":{"line":17,"column":7},"end":{"line":17,"column":23}},{"start":{"line":17,"column":23},"end":{"line":17,"column":null}}],"line":17},"3":{"loc":{"start":{"line":48,"column":2},"end":{"line":57,"column":null}},"type":"switch","locations":[{"start":{"line":49,"column":4},"end":{"line":50,"column":null}},{"start":{"line":51,"column":4},"end":{"line":52,"column":null}},{"start":{"line":53,"column":4},"end":{"line":54,"column":null}},{"start":{"line":55,"column":4},"end":{"line":56,"column":null}}],"line":48}},"s":{"0":4,"1":4,"2":1,"3":1,"4":1,"5":7,"6":4,"7":1,"8":1,"9":1},"f":{"0":4,"1":1,"2":1,"3":1,"4":7},"b":{"0":[4,3],"1":[4,3],"2":[4,3],"3":[4,1,1,1]},"meta":{"lastBranch":4,"lastFunction":5,"lastStatement":10,"seen":{"f:8:9:8:26":0,"s:9:29:9:Infinity":0,"s:10:2:19:Infinity":1,"b:13:9:13:17:13:17:13:Infinity":0,"b:15:9:15:15:15:15:15:Infinity":1,"b:17:7:17:23:17:23:17:Infinity":2,"f:23:9:23:23":1,"s:24:2:27:Infinity":2,"f:31:9:31:20":2,"s:32:2:35:Infinity":3,"f:39:9:39:21":3,"s:40:2:43:Infinity":4,"f:47:16:47:33":4,"b:49:4:50:Infinity:51:4:52:Infinity:53:4:54:Infinity:55:4:56:Infinity":3,"s:48:2:57:Infinity":5,"s:50:6:50:Infinity":6,"s:52:6:52:Infinity":7,"s:54:6:54:Infinity":8,"s:56:6:56:Infinity":9}}}
,"/opt/repos/adk-agente-viajes/personal_assistant/frontend/src/organisms/AppHeader/AppHeader.tsx": {"path":"/opt/repos/adk-agente-viajes/personal_assistant/frontend/src/organisms/AppHeader/AppHeader.tsx","statementMap":{"0":{"start":{"line":12,"column":2},"end":{"line":23,"column":null}}},"fnMap":{"0":{"name":"AppHeader","decl":{"start":{"line":11,"column":16},"end":{"line":11,"column":26}},"loc":{"start":{"line":11,"column":63},"end":{"line":25,"column":null}},"line":11}},"branchMap":{"0":{"loc":{"start":{"line":20,"column":44},"end":{"line":20,"column":71}},"type":"binary-expr","locations":[{"start":{"line":20,"column":44},"end":{"line":20,"column":64}},{"start":{"line":20,"column":64},"end":{"line":20,"column":71}}],"line":20}},"s":{"0":9},"f":{"0":9},"b":{"0":[9,1]},"meta":{"lastBranch":1,"lastFunction":1,"lastStatement":1,"seen":{"f:11:16:11:26":0,"s:12:2:23:Infinity":0,"b:20:44:20:64:20:64:20:71":0}}}
,"/opt/repos/adk-agente-viajes/personal_assistant/frontend/src/organisms/ChatComposer/ChatComposer.tsx": {"path":"/opt/repos/adk-agente-viajes/personal_assistant/frontend/src/organisms/ChatComposer/ChatComposer.tsx","statementMap":{"0":{"start":{"line":14,"column":20},"end":{"line":14,"column":null}},"1":{"start":{"line":16,"column":2},"end":{"line":21,"column":null}}},"fnMap":{"0":{"name":"ChatComposer","decl":{"start":{"line":13,"column":16},"end":{"line":13,"column":29}},"loc":{"start":{"line":13,"column":96},"end":{"line":23,"column":null}},"line":13}},"branchMap":{"0":{"loc":{"start":{"line":14,"column":20},"end":{"line":14,"column":null}},"type":"binary-expr","locations":[{"start":{"line":14,"column":20},"end":{"line":14,"column":44}},{"start":{"line":14,"column":44},"end":{"line":14,"column":null}}],"line":14}},"s":{"0":9,"1":9},"f":{"0":9},"b":{"0":[9,8]},"meta":{"lastBranch":1,"lastFunction":1,"lastStatement":2,"seen":{"f:13:16:13:29":0,"s:14:20:14:Infinity":0,"b:14:20:14:44:14:44:14:Infinity":0,"s:16:2:21:Infinity":1}}}
,"/opt/repos/adk-agente-viajes/personal_assistant/frontend/src/organisms/ConversationFeed/ConversationFeed.tsx": {"path":"/opt/repos/adk-agente-viajes/personal_assistant/frontend/src/organisms/ConversationFeed/ConversationFeed.tsx","statementMap":{"0":{"start":{"line":13,"column":8},"end":{"line":13,"column":null}},"1":{"start":{"line":15,"column":2},"end":{"line":17,"column":null}},"2":{"start":{"line":16,"column":4},"end":{"line":16,"column":null}},"3":{"start":{"line":19,"column":22},"end":{"line":19,"column":null}},"4":{"start":{"line":21,"column":2},"end":{"line":34,"column":null}},"5":{"start":{"line":24,"column":8},"end":{"line":26,"column":null}}},"fnMap":{"0":{"name":"ConversationFeed","decl":{"start":{"line":12,"column":16},"end":{"line":12,"column":33}},"loc":{"start":{"line":12,"column":78},"end":{"line":36,"column":null}},"line":12},"1":{"name":"(anonymous_1)","decl":{"start":{"line":15,"column":12},"end":{"line":15,"column":18}},"loc":{"start":{"line":15,"column":18},"end":{"line":17,"column":5}},"line":15},"2":{"name":"(anonymous_2)","decl":{"start":{"line":23,"column":20},"end":{"line":23,"column":21}},"loc":{"start":{"line":24,"column":8},"end":{"line":26,"column":null}},"line":24}},"branchMap":{"0":{"loc":{"start":{"line":19,"column":22},"end":{"line":19,"column":null}},"type":"binary-expr","locations":[{"start":{"line":19,"column":22},"end":{"line":19,"column":46}},{"start":{"line":19,"column":46},"end":{"line":19,"column":null}}],"line":19},"1":{"loc":{"start":{"line":28,"column":7},"end":{"line":31,"column":null}},"type":"binary-expr","locations":[{"start":{"line":28,"column":7},"end":{"line":28,"column":null}},{"start":{"line":29,"column":8},"end":{"line":31,"column":null}}],"line":28}},"s":{"0":10,"1":10,"2":10,"3":10,"4":10,"5":11},"f":{"0":10,"1":10,"2":11},"b":{"0":[10,10],"1":[10,1]},"meta":{"lastBranch":2,"lastFunction":3,"lastStatement":6,"seen":{"f:12:16:12:33":0,"s:13:8:13:Infinity":0,"s:15:2:17:Infinity":1,"f:15:12:15:18":1,"s:16:4:16:Infinity":2,"s:19:22:19:Infinity":3,"b:19:22:19:46:19:46:19:Infinity":0,"s:21:2:34:Infinity":4,"f:23:20:23:21":2,"s:24:8:26:Infinity":5,"b:28:7:28:Infinity:29:8:31:Infinity":1}}}
,"/opt/repos/adk-agente-viajes/personal_assistant/frontend/src/pages/ChatPage/ChatPage.tsx": {"path":"/opt/repos/adk-agente-viajes/personal_assistant/frontend/src/pages/ChatPage/ChatPage.tsx","statementMap":{"0":{"start":{"line":10,"column":24},"end":{"line":10,"column":null}},"1":{"start":{"line":11,"column":79},"end":{"line":13,"column":null}},"2":{"start":{"line":15,"column":2},"end":{"line":21,"column":null}},"3":{"start":{"line":16,"column":4},"end":{"line":20,"column":null}},"4":{"start":{"line":17,"column":6},"end":{"line":19,"column":null}},"5":{"start":{"line":23,"column":2},"end":{"line":28,"column":null}}},"fnMap":{"0":{"name":"ChatPage","decl":{"start":{"line":9,"column":16},"end":{"line":9,"column":27}},"loc":{"start":{"line":9,"column":27},"end":{"line":30,"column":null}},"line":9},"1":{"name":"(anonymous_1)","decl":{"start":{"line":15,"column":12},"end":{"line":15,"column":18}},"loc":{"start":{"line":15,"column":18},"end":{"line":21,"column":5}},"line":15},"2":{"name":"(anonymous_2)","decl":{"start":{"line":17,"column":34},"end":{"line":17,"column":40}},"loc":{"start":{"line":17,"column":40},"end":{"line":19,"column":7}},"line":17}},"branchMap":{"0":{"loc":{"start":{"line":12,"column":4},"end":{"line":12,"column":null}},"type":"binary-expr","locations":[{"start":{"line":12,"column":4},"end":{"line":12,"column":17}},{"start":{"line":12,"column":17},"end":{"line":12,"column":null}}],"line":12},"1":{"loc":{"start":{"line":16,"column":4},"end":{"line":20,"column":null}},"type":"if","locations":[{"start":{"line":16,"column":4},"end":{"line":20,"column":null}},{"start":{},"end":{}}],"line":16},"2":{"loc":{"start":{"line":25,"column":14},"end":{"line":25,"column":null}},"type":"cond-expr","locations":[{"start":{"line":25,"column":21},"end":{"line":25,"column":69}},{"start":{"line":25,"column":69},"end":{"line":25,"column":null}}],"line":25}},"s":{"0":3,"1":3,"2":3,"3":3,"4":3,"5":3},"f":{"0":3,"1":3,"2":0},"b":{"0":[3,0],"1":[3,0],"2":[3,0]},"meta":{"lastBranch":3,"lastFunction":3,"lastStatement":6,"seen":{"f:9:16:9:27":0,"s:10:24:10:Infinity":0,"s:11:79:13:Infinity":1,"b:12:4:12:17:12:17:12:Infinity":0,"s:15:2:21:Infinity":2,"f:15:12:15:18":1,"b:16:4:20:Infinity:undefined:undefined:undefined:undefined":1,"s:16:4:20:Infinity":3,"s:17:6:19:Infinity":4,"f:17:34:17:40":2,"s:23:2:28:Infinity":5,"b:25:21:25:69:25:69:25:Infinity":2}}}
,"/opt/repos/adk-agente-viajes/personal_assistant/frontend/src/pages/LoginPage/LoginPage.tsx": {"path":"/opt/repos/adk-agente-viajes/personal_assistant/frontend/src/pages/LoginPage/LoginPage.tsx","statementMap":{"0":{"start":{"line":7,"column":33},"end":{"line":7,"column":null}},"1":{"start":{"line":9,"column":2},"end":{"line":19,"column":null}}},"fnMap":{"0":{"name":"LoginPage","decl":{"start":{"line":6,"column":16},"end":{"line":6,"column":28}},"loc":{"start":{"line":6,"column":28},"end":{"line":21,"column":null}},"line":6},"1":{"name":"(anonymous_1)","decl":{"start":{"line":13,"column":56},"end":{"line":13,"column":62}},"loc":{"start":{"line":13,"column":62},"end":{"line":13,"column":66}},"line":13}},"branchMap":{"0":{"loc":{"start":{"line":13,"column":7},"end":{"line":13,"column":null}},"type":"binary-expr","locations":[{"start":{"line":13,"column":7},"end":{"line":13,"column":16}},{"start":{"line":13,"column":16},"end":{"line":13,"column":null}}],"line":13}},"s":{"0":4,"1":4},"f":{"0":4,"1":0},"b":{"0":[4,1]},"meta":{"lastBranch":1,"lastFunction":2,"lastStatement":2,"seen":{"f:6:16:6:28":0,"s:7:33:7:Infinity":0,"s:9:2:19:Infinity":1,"b:13:7:13:16:13:16:13:Infinity":0,"f:13:56:13:62":1}}}
,"/opt/repos/adk-agente-viajes/personal_assistant/frontend/src/services/adkService.ts": {"path":"/opt/repos/adk-agente-viajes/personal_assistant/frontend/src/services/adkService.ts","statementMap":{"0":{"start":{"line":3,"column":17},"end":{"line":3,"column":null}},"1":{"start":{"line":4,"column":17},"end":{"line":4,"column":null}},"2":{"start":{"line":34,"column":2},"end":{"line":36,"column":null}},"3":{"start":{"line":35,"column":4},"end":{"line":35,"column":null}},"4":{"start":{"line":37,"column":2},"end":{"line":39,"column":null}},"5":{"start":{"line":38,"column":4},"end":{"line":38,"column":null}},"6":{"start":{"line":40,"column":2},"end":{"line":42,"column":null}},"7":{"start":{"line":41,"column":4},"end":{"line":41,"column":null}},"8":{"start":{"line":43,"column":2},"end":{"line":43,"column":null}},"9":{"start":{"line":47,"column":2},"end":{"line":47,"column":null}},"10":{"start":{"line":47,"column":29},"end":{"line":47,"column":null}},"11":{"start":{"line":49,"column":2},"end":{"line":62,"column":null}},"12":{"start":{"line":50,"column":4},"end":{"line":58,"column":null}},"13":{"start":{"line":51,"column":23},"end":{"line":51,"column":null}},"14":{"start":{"line":52,"column":6},"end":{"line":57,"column":null}},"15":{"start":{"line":59,"column":4},"end":{"line":61,"column":null}},"16":{"start":{"line":60,"column":6},"end":{"line":60,"column":null}},"17":{"start":{"line":64,"column":2},"end":{"line":64,"column":null}},"18":{"start":{"line":68,"column":19},"end":{"line":71,"column":null}},"19":{"start":{"line":72,"column":2},"end":{"line":74,"column":null}},"20":{"start":{"line":73,"column":4},"end":{"line":73,"column":null}},"21":{"start":{"line":75,"column":16},"end":{"line":75,"column":null}},"22":{"start":{"line":76,"column":2},"end":{"line":76,"column":null}},"23":{"start":{"line":80,"column":19},"end":{"line":83,"column":null}},"24":{"start":{"line":84,"column":2},"end":{"line":86,"column":null}},"25":{"start":{"line":85,"column":4},"end":{"line":85,"column":null}},"26":{"start":{"line":98,"column":19},"end":{"line":112,"column":null}},"27":{"start":{"line":114,"column":2},"end":{"line":116,"column":null}},"28":{"start":{"line":115,"column":4},"end":{"line":115,"column":null}},"29":{"start":{"line":118,"column":17},"end":{"line":118,"column":null}},"30":{"start":{"line":119,"column":2},"end":{"line":121,"column":null}},"31":{"start":{"line":120,"column":4},"end":{"line":120,"column":null}},"32":{"start":{"line":123,"column":18},"end":{"line":123,"column":null}},"33":{"start":{"line":124,"column":15},"end":{"line":124,"column":null}},"34":{"start":{"line":126,"column":2},"end":{"line":167,"column":null}},"35":{"start":{"line":127,"column":4},"end":{"line":164,"column":null}},"36":{"start":{"line":128,"column":30},"end":{"line":128,"column":null}},"37":{"start":{"line":129,"column":6},"end":{"line":129,"column":null}},"38":{"start":{"line":129,"column":16},"end":{"line":129,"column":null}},"39":{"start":{"line":131,"column":6},"end":{"line":131,"column":null}},"40":{"start":{"line":132,"column":23},"end":{"line":132,"column":null}},"41":{"start":{"line":133,"column":6},"end":{"line":133,"column":null}},"42":{"start":{"line":135,"column":6},"end":{"line":163,"column":null}},"43":{"start":{"line":136,"column":25},"end":{"line":138,"column":null}},"44":{"start":{"line":138,"column":26},"end":{"line":138,"column":51}},"45":{"start":{"line":139,"column":8},"end":{"line":139,"column":null}},"46":{"start":{"line":139,"column":23},"end":{"line":139,"column":null}},"47":{"start":{"line":141,"column":24},"end":{"line":141,"column":null}},"48":{"start":{"line":143,"column":8},"end":{"line":147,"column":null}},"49":{"start":{"line":144,"column":10},"end":{"line":144,"column":null}},"50":{"start":{"line":146,"column":10},"end":{"line":146,"column":null}},"51":{"start":{"line":149,"column":8},"end":{"line":152,"column":null}},"52":{"start":{"line":150,"column":10},"end":{"line":150,"column":null}},"53":{"start":{"line":151,"column":10},"end":{"line":151,"column":null}},"54":{"start":{"line":154,"column":24},"end":{"line":154,"column":null}},"55":{"start":{"line":155,"column":8},"end":{"line":162,"column":null}},"56":{"start":{"line":156,"column":10},"end":{"line":161,"column":null}},"57":{"start":{"line":166,"column":4},"end":{"line":166,"column":null}}},"fnMap":{"0":{"name":"inferToolType","decl":{"start":{"line":33,"column":9},"end":{"line":33,"column":23}},"loc":{"start":{"line":33,"column":55},"end":{"line":44,"column":null}},"line":33},"1":{"name":"parseEventContent","decl":{"start":{"line":46,"column":9},"end":{"line":46,"column":27}},"loc":{"start":{"line":46,"column":67},"end":{"line":65,"column":null}},"line":46},"2":{"name":"createSession","decl":{"start":{"line":67,"column":22},"end":{"line":67,"column":36}},"loc":{"start":{"line":67,"column":69},"end":{"line":77,"column":null}},"line":67},"3":{"name":"deleteSession","decl":{"start":{"line":79,"column":22},"end":{"line":79,"column":36}},"loc":{"start":{"line":79,"column":86},"end":{"line":87,"column":null}},"line":79},"4":{"name":"runSSEStream","decl":{"start":{"line":91,"column":22},"end":{"line":91,"column":null}},"loc":{"start":{"line":97,"column":17},"end":{"line":168,"column":null}},"line":97},"5":{"name":"(anonymous_5)","decl":{"start":{"line":138,"column":16},"end":{"line":138,"column":17}},"loc":{"start":{"line":138,"column":26},"end":{"line":138,"column":51}},"line":138}},"branchMap":{"0":{"loc":{"start":{"line":3,"column":17},"end":{"line":3,"column":null}},"type":"binary-expr","locations":[{"start":{"line":3,"column":17},"end":{"line":3,"column":64}},{"start":{"line":3,"column":64},"end":{"line":3,"column":null}}],"line":3},"1":{"loc":{"start":{"line":34,"column":2},"end":{"line":36,"column":null}},"type":"if","locations":[{"start":{"line":34,"column":2},"end":{"line":36,"column":null}},{"start":{},"end":{}}],"line":34},"2":{"loc":{"start":{"line":34,"column":6},"end":{"line":34,"column":86}},"type":"binary-expr","locations":[{"start":{"line":34,"column":6},"end":{"line":34,"column":48}},{"start":{"line":34,"column":48},"end":{"line":34,"column":86}}],"line":34},"3":{"loc":{"start":{"line":37,"column":2},"end":{"line":39,"column":null}},"type":"if","locations":[{"start":{"line":37,"column":2},"end":{"line":39,"column":null}},{"start":{},"end":{}}],"line":37},"4":{"loc":{"start":{"line":40,"column":2},"end":{"line":42,"column":null}},"type":"if","locations":[{"start":{"line":40,"column":2},"end":{"line":42,"column":null}},{"start":{},"end":{}}],"line":40},"5":{"loc":{"start":{"line":40,"column":6},"end":{"line":40,"column":81}},"type":"binary-expr","locations":[{"start":{"line":40,"column":6},"end":{"line":40,"column":41}},{"start":{"line":40,"column":41},"end":{"line":40,"column":81}}],"line":40},"6":{"loc":{"start":{"line":47,"column":2},"end":{"line":47,"column":null}},"type":"if","locations":[{"start":{"line":47,"column":2},"end":{"line":47,"column":null}},{"start":{},"end":{}}],"line":47},"7":{"loc":{"start":{"line":50,"column":4},"end":{"line":58,"column":null}},"type":"if","locations":[{"start":{"line":50,"column":4},"end":{"line":58,"column":null}},{"start":{},"end":{}}],"line":50},"8":{"loc":{"start":{"line":59,"column":4},"end":{"line":61,"column":null}},"type":"if","locations":[{"start":{"line":59,"column":4},"end":{"line":61,"column":null}},{"start":{},"end":{}}],"line":59},"9":{"loc":{"start":{"line":72,"column":2},"end":{"line":74,"column":null}},"type":"if","locations":[{"start":{"line":72,"column":2},"end":{"line":74,"column":null}},{"start":{},"end":{}}],"line":72},"10":{"loc":{"start":{"line":84,"column":2},"end":{"line":86,"column":null}},"type":"if","locations":[{"start":{"line":84,"column":2},"end":{"line":86,"column":null}},{"start":{},"end":{}}],"line":84},"11":{"loc":{"start":{"line":114,"column":2},"end":{"line":116,"column":null}},"type":"if","locations":[{"start":{"line":114,"column":2},"end":{"line":116,"column":null}},{"start":{},"end":{}}],"line":114},"12":{"loc":{"start":{"line":119,"column":2},"end":{"line":121,"column":null}},"type":"if","locations":[{"start":{"line":119,"column":2},"end":{"line":121,"column":null}},{"start":{},"end":{}}],"line":119},"13":{"loc":{"start":{"line":129,"column":6},"end":{"line":129,"column":null}},"type":"if","locations":[{"start":{"line":129,"column":6},"end":{"line":129,"column":null}},{"start":{},"end":{}}],"line":129},"14":{"loc":{"start":{"line":133,"column":15},"end":{"line":133,"column":null}},"type":"binary-expr","locations":[{"start":{"line":133,"column":15},"end":{"line":133,"column":33}},{"start":{"line":133,"column":33},"end":{"line":133,"column":null}}],"line":133},"15":{"loc":{"start":{"line":139,"column":8},"end":{"line":139,"column":null}},"type":"if","locations":[{"start":{"line":139,"column":8},"end":{"line":139,"column":null}},{"start":{},"end":{}}],"line":139},"16":{"loc":{"start":{"line":149,"column":8},"end":{"line":152,"column":null}},"type":"if","locations":[{"start":{"line":149,"column":8},"end":{"line":152,"column":null}},{"start":{},"end":{}}],"line":149},"17":{"loc":{"start":{"line":155,"column":8},"end":{"line":162,"column":null}},"type":"if","locations":[{"start":{"line":155,"column":8},"end":{"line":162,"column":null}},{"start":{},"end":{}}],"line":155},"18":{"loc":{"start":{"line":159,"column":20},"end":{"line":159,"column":null}},"type":"cond-expr","locations":[{"start":{"line":159,"column":46},"end":{"line":159,"column":59}},{"start":{"line":159,"column":59},"end":{"line":159,"column":null}}],"line":159},"19":{"loc":{"start":{"line":160,"column":21},"end":{"line":160,"column":null}},"type":"binary-expr","locations":[{"start":{"line":160,"column":21},"end":{"line":160,"column":48}},{"start":{"line":160,"column":48},"end":{"line":160,"column":null}}],"line":160}},"s":{"0":1,"1":1,"2":4,"3":1,"4":3,"5":1,"6":2,"7":1,"8":1,"9":8,"10":0,"11":8,"12":8,"13":4,"14":4,"15":4,"16":3,"17":1,"18":2,"19":2,"20":1,"21":1,"22":1,"23":2,"24":2,"25":1,"26":11,"27":10,"28":1,"29":9,"30":11,"31":1,"32":8,"33":8,"34":8,"35":8,"36":17,"37":17,"38":7,"39":10,"40":10,"41":10,"42":17,"43":10,"44":10,"45":10,"46":0,"47":10,"48":10,"49":10,"50":1,"51":9,"52":1,"53":1,"54":8,"55":8,"56":7,"57":8},"f":{"0":4,"1":8,"2":2,"3":2,"4":11,"5":10},"b":{"0":[1,1],"1":[1,3],"2":[4,3],"3":[1,2],"4":[1,1],"5":[2,1],"6":[0,8],"7":[4,4],"8":[3,1],"9":[1,1],"10":[1,1],"11":[1,9],"12":[1,10],"13":[7,10],"14":[10,0],"15":[0,10],"16":[1,8],"17":[7,1],"18":[7,0],"19":[7,0]},"meta":{"lastBranch":20,"lastFunction":6,"lastStatement":58,"seen":{"s:3:17:3:Infinity":0,"b:3:17:3:64:3:64:3:Infinity":0,"s:4:17:4:Infinity":1,"f:33:9:33:23":0,"b:34:2:36:Infinity:undefined:undefined:undefined:undefined":1,"s:34:2:36:Infinity":2,"b:34:6:34:48:34:48:34:86":2,"s:35:4:35:Infinity":3,"b:37:2:39:Infinity:undefined:undefined:undefined:undefined":3,"s:37:2:39:Infinity":4,"s:38:4:38:Infinity":5,"b:40:2:42:Infinity:undefined:undefined:undefined:undefined":4,"s:40:2:42:Infinity":6,"b:40:6:40:41:40:41:40:81":5,"s:41:4:41:Infinity":7,"s:43:2:43:Infinity":8,"f:46:9:46:27":1,"b:47:2:47:Infinity:undefined:undefined:undefined:undefined":6,"s:47:2:47:Infinity":9,"s:47:29:47:Infinity":10,"s:49:2:62:Infinity":11,"b:50:4:58:Infinity:undefined:undefined:undefined:undefined":7,"s:50:4:58:Infinity":12,"s:51:23:51:Infinity":13,"s:52:6:57:Infinity":14,"b:59:4:61:Infinity:undefined:undefined:undefined:undefined":8,"s:59:4:61:Infinity":15,"s:60:6:60:Infinity":16,"s:64:2:64:Infinity":17,"f:67:22:67:36":2,"s:68:19:71:Infinity":18,"b:72:2:74:Infinity:undefined:undefined:undefined:undefined":9,"s:72:2:74:Infinity":19,"s:73:4:73:Infinity":20,"s:75:16:75:Infinity":21,"s:76:2:76:Infinity":22,"f:79:22:79:36":3,"s:80:19:83:Infinity":23,"b:84:2:86:Infinity:undefined:undefined:undefined:undefined":10,"s:84:2:86:Infinity":24,"s:85:4:85:Infinity":25,"f:91:22:91:Infinity":4,"s:98:19:112:Infinity":26,"b:114:2:116:Infinity:undefined:undefined:undefined:undefined":11,"s:114:2:116:Infinity":27,"s:115:4:115:Infinity":28,"s:118:17:118:Infinity":29,"b:119:2:121:Infinity:undefined:undefined:undefined:undefined":12,"s:119:2:121:Infinity":30,"s:120:4:120:Infinity":31,"s:123:18:123:Infinity":32,"s:124:15:124:Infinity":33,"s:126:2:167:Infinity":34,"s:127:4:164:Infinity":35,"s:128:30:128:Infinity":36,"b:129:6:129:Infinity:undefined:undefined:undefined:undefined":13,"s:129:6:129:Infinity":37,"s:129:16:129:Infinity":38,"s:131:6:131:Infinity":39,"s:132:23:132:Infinity":40,"s:133:6:133:Infinity":41,"b:133:15:133:33:133:33:133:Infinity":14,"s:135:6:163:Infinity":42,"s:136:25:138:Infinity":43,"f:138:16:138:17":5,"s:138:26:138:51":44,"b:139:8:139:Infinity:undefined:undefined:undefined:undefined":15,"s:139:8:139:Infinity":45,"s:139:23:139:Infinity":46,"s:141:24:141:Infinity":47,"s:143:8:147:Infinity":48,"s:144:10:144:Infinity":49,"s:146:10:146:Infinity":50,"b:149:8:152:Infinity:undefined:undefined:undefined:undefined":16,"s:149:8:152:Infinity":51,"s:150:10:150:Infinity":52,"s:151:10:151:Infinity":53,"s:154:24:154:Infinity":54,"b:155:8:162:Infinity:undefined:undefined:undefined:undefined":17,"s:155:8:162:Infinity":55,"s:156:10:161:Infinity":56,"b:159:46:159:59:159:59:159:Infinity":18,"b:160:21:160:48:160:48:160:Infinity":19,"s:166:4:166:Infinity":57}}}
,"/opt/repos/adk-agente-viajes/personal_assistant/frontend/src/services/firebaseService.ts": {"path":"/opt/repos/adk-agente-viajes/personal_assistant/frontend/src/services/firebaseService.ts","statementMap":{"0":{"start":{"line":23,"column":17},"end":{"line":23,"column":null}},"1":{"start":{"line":26,"column":2},"end":{"line":31,"column":null}},"2":{"start":{"line":35,"column":2},"end":{"line":35,"column":null}},"3":{"start":{"line":39,"column":2},"end":{"line":39,"column":null}},"4":{"start":{"line":43,"column":2},"end":{"line":45,"column":null}},"5":{"start":{"line":44,"column":4},"end":{"line":44,"column":null}},"6":{"start":{"line":49,"column":8},"end":{"line":49,"column":null}},"7":{"start":{"line":50,"column":2},"end":{"line":59,"column":null}},"8":{"start":{"line":68,"column":8},"end":{"line":68,"column":null}},"9":{"start":{"line":69,"column":2},"end":{"line":75,"column":null}},"10":{"start":{"line":83,"column":8},"end":{"line":83,"column":null}},"11":{"start":{"line":84,"column":2},"end":{"line":87,"column":null}},"12":{"start":{"line":95,"column":8},"end":{"line":103,"column":null}},"13":{"start":{"line":105,"column":18},"end":{"line":105,"column":null}},"14":{"start":{"line":106,"column":2},"end":{"line":116,"column":null}},"15":{"start":{"line":135,"column":8},"end":{"line":142,"column":null}},"16":{"start":{"line":143,"column":8},"end":{"line":143,"column":null}},"17":{"start":{"line":144,"column":19},"end":{"line":144,"column":null}},"18":{"start":{"line":146,"column":2},"end":{"line":175,"column":null}},"19":{"start":{"line":147,"column":17},"end":{"line":147,"column":null}},"20":{"start":{"line":148,"column":22},"end":{"line":148,"column":null}},"21":{"start":{"line":150,"column":4},"end":{"line":163,"column":null}},"22":{"start":{"line":151,"column":6},"end":{"line":162,"column":null}},"23":{"start":{"line":165,"column":4},"end":{"line":174,"column":null}}},"fnMap":{"0":{"name":"toAppUser","decl":{"start":{"line":25,"column":9},"end":{"line":25,"column":19}},"loc":{"start":{"line":25,"column":50},"end":{"line":32,"column":null}},"line":25},"1":{"name":"signInWithGoogle","decl":{"start":{"line":34,"column":16},"end":{"line":34,"column":35}},"loc":{"start":{"line":34,"column":35},"end":{"line":36,"column":null}},"line":34},"2":{"name":"signOutUser","decl":{"start":{"line":38,"column":16},"end":{"line":38,"column":30}},"loc":{"start":{"line":38,"column":30},"end":{"line":40,"column":null}},"line":38},"3":{"name":"onAuthChange","decl":{"start":{"line":42,"column":16},"end":{"line":42,"column":29}},"loc":{"start":{"line":42,"column":65},"end":{"line":46,"column":null}},"line":42},"4":{"name":"(anonymous_4)","decl":{"start":{"line":43,"column":34},"end":{"line":43,"column":35}},"loc":{"start":{"line":43,"column":46},"end":{"line":45,"column":3}},"line":43},"5":{"name":"upsertUserProfile","decl":{"start":{"line":48,"column":22},"end":{"line":48,"column":40}},"loc":{"start":{"line":48,"column":70},"end":{"line":60,"column":null}},"line":48},"6":{"name":"createConversation","decl":{"start":{"line":62,"column":22},"end":{"line":62,"column":null}},"loc":{"start":{"line":67,"column":17},"end":{"line":76,"column":null}},"line":67},"7":{"name":"updateConversation","decl":{"start":{"line":78,"column":22},"end":{"line":78,"column":null}},"loc":{"start":{"line":82,"column":17},"end":{"line":88,"column":null}},"line":82},"8":{"name":"saveMessage","decl":{"start":{"line":90,"column":22},"end":{"line":90,"column":null}},"loc":{"start":{"line":94,"column":17},"end":{"line":117,"column":null}},"line":94},"9":{"name":"loadMessages","decl":{"start":{"line":131,"column":22},"end":{"line":131,"column":null}},"loc":{"start":{"line":134,"column":22},"end":{"line":176,"column":null}},"line":134},"10":{"name":"(anonymous_10)","decl":{"start":{"line":146,"column":27},"end":{"line":146,"column":28}},"loc":{"start":{"line":146,"column":40},"end":{"line":175,"column":3}},"line":146}},"branchMap":{"0":{"loc":{"start":{"line":44,"column":7},"end":{"line":44,"column":40}},"type":"cond-expr","locations":[{"start":{"line":44,"column":16},"end":{"line":44,"column":36}},{"start":{"line":44,"column":36},"end":{"line":44,"column":40}}],"line":44},"1":{"loc":{"start":{"line":110,"column":10},"end":{"line":110,"column":null}},"type":"cond-expr","locations":[{"start":{"line":110,"column":36},"end":{"line":110,"column":51}},{"start":{"line":110,"column":51},"end":{"line":110,"column":null}}],"line":110},"2":{"loc":{"start":{"line":111,"column":14},"end":{"line":111,"column":null}},"type":"cond-expr","locations":[{"start":{"line":111,"column":47},"end":{"line":111,"column":66}},{"start":{"line":111,"column":66},"end":{"line":111,"column":null}}],"line":111},"3":{"loc":{"start":{"line":112,"column":13},"end":{"line":112,"column":null}},"type":"cond-expr","locations":[{"start":{"line":112,"column":46},"end":{"line":112,"column":64}},{"start":{"line":112,"column":64},"end":{"line":112,"column":null}}],"line":112},"4":{"loc":{"start":{"line":113,"column":13},"end":{"line":113,"column":null}},"type":"cond-expr","locations":[{"start":{"line":113,"column":46},"end":{"line":113,"column":64}},{"start":{"line":113,"column":64},"end":{"line":113,"column":null}}],"line":113},"5":{"loc":{"start":{"line":115,"column":12},"end":{"line":115,"column":null}},"type":"cond-expr","locations":[{"start":{"line":115,"column":43},"end":{"line":115,"column":52}},{"start":{"line":115,"column":52},"end":{"line":115,"column":null}}],"line":115},"6":{"loc":{"start":{"line":148,"column":22},"end":{"line":148,"column":null}},"type":"binary-expr","locations":[{"start":{"line":148,"column":22},"end":{"line":148,"column":50}},{"start":{"line":148,"column":50},"end":{"line":148,"column":null}}],"line":148},"7":{"loc":{"start":{"line":150,"column":4},"end":{"line":163,"column":null}},"type":"if","locations":[{"start":{"line":150,"column":4},"end":{"line":163,"column":null}},{"start":{},"end":{}}],"line":150},"8":{"loc":{"start":{"line":156,"column":21},"end":{"line":156,"column":null}},"type":"binary-expr","locations":[{"start":{"line":156,"column":21},"end":{"line":156,"column":38}},{"start":{"line":156,"column":38},"end":{"line":156,"column":null}}],"line":156},"9":{"loc":{"start":{"line":157,"column":19},"end":{"line":157,"column":null}},"type":"binary-expr","locations":[{"start":{"line":157,"column":19},"end":{"line":157,"column":35}},{"start":{"line":157,"column":35},"end":{"line":157,"column":null}}],"line":157},"10":{"loc":{"start":{"line":158,"column":19},"end":{"line":158,"column":null}},"type":"binary-expr","locations":[{"start":{"line":158,"column":19},"end":{"line":158,"column":35}},{"start":{"line":158,"column":35},"end":{"line":158,"column":null}}],"line":158},"11":{"loc":{"start":{"line":161,"column":16},"end":{"line":161,"column":null}},"type":"cond-expr","locations":[{"start":{"line":161,"column":42},"end":{"line":161,"column":65}},{"start":{"line":161,"column":65},"end":{"line":161,"column":null}}],"line":161},"12":{"loc":{"start":{"line":170,"column":14},"end":{"line":170,"column":null}},"type":"binary-expr","locations":[{"start":{"line":170,"column":14},"end":{"line":170,"column":27}},{"start":{"line":170,"column":27},"end":{"line":170,"column":null}}],"line":170},"13":{"loc":{"start":{"line":173,"column":14},"end":{"line":173,"column":null}},"type":"cond-expr","locations":[{"start":{"line":173,"column":40},"end":{"line":173,"column":63}},{"start":{"line":173,"column":63},"end":{"line":173,"column":null}}],"line":173}},"s":{"0":1,"1":1,"2":1,"3":1,"4":2,"5":2,"6":1,"7":1,"8":1,"9":1,"10":1,"11":1,"12":3,"13":3,"14":3,"15":3,"16":3,"17":3,"18":3,"19":3,"20":3,"21":3,"22":1,"23":2},"f":{"0":1,"1":1,"2":1,"3":2,"4":2,"5":1,"6":1,"7":1,"8":3,"9":3,"10":3},"b":{"0":[1,1],"1":[2,1],"2":[1,2],"3":[1,2],"4":[1,2],"5":[1,2],"6":[3,1],"7":[1,2],"8":[1,0],"9":[1,0],"10":[1,0],"11":[1,0],"12":[2,0],"13":[1,1]},"meta":{"lastBranch":14,"lastFunction":11,"lastStatement":24,"seen":{"s:23:17:23:Infinity":0,"f:25:9:25:19":0,"s:26:2:31:Infinity":1,"f:34:16:34:35":1,"s:35:2:35:Infinity":2,"f:38:16:38:30":2,"s:39:2:39:Infinity":3,"f:42:16:42:29":3,"s:43:2:45:Infinity":4,"f:43:34:43:35":4,"s:44:4:44:Infinity":5,"b:44:16:44:36:44:36:44:40":0,"f:48:22:48:40":5,"s:49:8:49:Infinity":6,"s:50:2:59:Infinity":7,"f:62:22:62:Infinity":6,"s:68:8:68:Infinity":8,"s:69:2:75:Infinity":9,"f:78:22:78:Infinity":7,"s:83:8:83:Infinity":10,"s:84:2:87:Infinity":11,"f:90:22:90:Infinity":8,"s:95:8:103:Infinity":12,"s:105:18:105:Infinity":13,"s:106:2:116:Infinity":14,"b:110:36:110:51:110:51:110:Infinity":1,"b:111:47:111:66:111:66:111:Infinity":2,"b:112:46:112:64:112:64:112:Infinity":3,"b:113:46:113:64:113:64:113:Infinity":4,"b:115:43:115:52:115:52:115:Infinity":5,"f:131:22:131:Infinity":9,"s:135:8:142:Infinity":15,"s:143:8:143:Infinity":16,"s:144:19:144:Infinity":17,"s:146:2:175:Infinity":18,"f:146:27:146:28":10,"s:147:17:147:Infinity":19,"s:148:22:148:Infinity":20,"b:148:22:148:50:148:50:148:Infinity":6,"b:150:4:163:Infinity:undefined:undefined:undefined:undefined":7,"s:150:4:163:Infinity":21,"s:151:6:162:Infinity":22,"b:156:21:156:38:156:38:156:Infinity":8,"b:157:19:157:35:157:35:157:Infinity":9,"b:158:19:158:35:158:35:158:Infinity":10,"b:161:42:161:65:161:65:161:Infinity":11,"s:165:4:174:Infinity":23,"b:170:14:170:27:170:27:170:Infinity":12,"b:173:40:173:63:173:63:173:Infinity":13}}}
,"/opt/repos/adk-agente-viajes/personal_assistant/frontend/src/templates/ChatTemplate/ChatTemplate.tsx": {"path":"/opt/repos/adk-agente-viajes/personal_assistant/frontend/src/templates/ChatTemplate/ChatTemplate.tsx","statementMap":{"0":{"start":{"line":11,"column":2},"end":{"line":16,"column":null}}},"fnMap":{"0":{"name":"ChatTemplate","decl":{"start":{"line":10,"column":16},"end":{"line":10,"column":29}},"loc":{"start":{"line":10,"column":76},"end":{"line":18,"column":null}},"line":10}},"branchMap":{},"s":{"0":3},"f":{"0":3},"b":{},"meta":{"lastBranch":0,"lastFunction":1,"lastStatement":1,"seen":{"f:10:16:10:29":0,"s:11:2:16:Infinity":0}}}
,"/opt/repos/adk-agente-viajes/personal_assistant/frontend/src/templates/LoginTemplate/LoginTemplate.tsx": {"path":"/opt/repos/adk-agente-viajes/personal_assistant/frontend/src/templates/LoginTemplate/LoginTemplate.tsx","statementMap":{"0":{"start":{"line":9,"column":2},"end":{"line":14,"column":null}}},"fnMap":{"0":{"name":"LoginTemplate","decl":{"start":{"line":8,"column":16},"end":{"line":8,"column":30}},"loc":{"start":{"line":8,"column":64},"end":{"line":16,"column":null}},"line":8}},"branchMap":{},"s":{"0":4},"f":{"0":4},"b":{},"meta":{"lastBranch":0,"lastFunction":1,"lastStatement":1,"seen":{"f:8:16:8:30":0,"s:9:2:14:Infinity":0}}}
,"/opt/repos/adk-agente-viajes/personal_assistant/frontend/src/types/conversation.ts": {"path":"/opt/repos/adk-agente-viajes/personal_assistant/frontend/src/types/conversation.ts","statementMap":{},"fnMap":{},"branchMap":{},"s":{},"f":{},"b":{},"meta":{"lastBranch":0,"lastFunction":0,"lastStatement":0,"seen":{}}}
,"/opt/repos/adk-agente-viajes/personal_assistant/frontend/src/types/message.ts": {"path":"/opt/repos/adk-agente-viajes/personal_assistant/frontend/src/types/message.ts","statementMap":{},"fnMap":{},"branchMap":{},"s":{},"f":{},"b":{},"meta":{"lastBranch":0,"lastFunction":0,"lastStatement":0,"seen":{}}}
,"/opt/repos/adk-agente-viajes/personal_assistant/frontend/src/types/user.ts": {"path":"/opt/repos/adk-agente-viajes/personal_assistant/frontend/src/types/user.ts","statementMap":{},"fnMap":{},"branchMap":{},"s":{},"f":{},"b":{},"meta":{"lastBranch":0,"lastFunction":0,"lastStatement":0,"seen":{}}}
}
